2016年01月16日 05:03:27  错误: cj.lns.chip.sos.disk.fs.FsConsole -  异常：cj.studio.ecm.EcmException: 不认识的命令：loca
		at cj.lns.chip.sos.disk.Console.monitor(Console.java:98)
		at cj.lns.chip.sos.disk.fs.FsConsole.monitor(FsConsole.java:37)
		at cj.lns.chip.sos.disk.cube.command.FsCommand.doCommand(FsCommand.java:107)
		at cj.lns.chip.sos.disk.Console.monitor(Console.java:109)
		at cj.lns.chip.sos.disk.cube.CubeConsole.monitor(CubeConsole.java:33)
		at cj.lns.chip.sos.disk.netdisk.command.OpenCubeCommand.doCommand(OpenCubeCommand.java:37)
		at cj.lns.chip.sos.disk.Console.monitor(Console.java:109)
		at cj.lns.chip.sos.disk.netdisk.DiskConsole.monitor(DiskConsole.java:27)
		at cj.lns.chip.sos.disk.usf.command.OpenDiskCommand.doCommand(OpenDiskCommand.java:57)
		at cj.lns.chip.sos.disk.Console.monitor(Console.java:109)
		at cj.lns.chip.sos.disk.usf.UsfConsole.monitor(UsfConsole.java:31)
		at cj.lns.chip.sos.disk.DiskMain.main(DiskMain.java:38)
		at sun.reflect.NativeMethodAccessorImpl.invoke0(NativeMethodAccessorImpl.java:-2)
		at sun.reflect.NativeMethodAccessorImpl.invoke(NativeMethodAccessorImpl.java:62)
		at sun.reflect.DelegatingMethodAccessorImpl.invoke(DelegatingMethodAccessorImpl.java:43)
		at java.lang.reflect.Method.invoke(Method.java:497)
		at cj.studio.ecm.adapter.AdapterInterrupter.invoke(AdapterInterrupter.java:111)
		at cj.lns.chip.sos.disk.DiskMain$$EnhancerByCGLIB$$b177d4b5.exeCommand(<generated>:-1)
		at cj.lns.chip.sos.disk.start.Main.main(Main.java:90)
2016年01月18日 22:43:56  错误: cj.lns.chip.sos.disk.fs.FsConsole -  异常：cj.studio.ecm.EcmException: 不认识的命令：llocal
		at cj.lns.chip.sos.disk.Console.monitor(Console.java:98)
		at cj.lns.chip.sos.disk.fs.FsConsole.monitor(FsConsole.java:37)
		at cj.lns.chip.sos.disk.cube.command.FsCommand.doCommand(FsCommand.java:119)
		at cj.lns.chip.sos.disk.Console.monitor(Console.java:109)
		at cj.lns.chip.sos.disk.cube.CubeConsole.monitor(CubeConsole.java:33)
		at cj.lns.chip.sos.disk.netdisk.command.OpenCubeCommand.doCommand(OpenCubeCommand.java:50)
		at cj.lns.chip.sos.disk.Console.monitor(Console.java:109)
		at cj.lns.chip.sos.disk.netdisk.DiskConsole.monitor(DiskConsole.java:27)
		at cj.lns.chip.sos.disk.usf.command.OpenDiskCommand.doCommand(OpenDiskCommand.java:57)
		at cj.lns.chip.sos.disk.Console.monitor(Console.java:109)
		at cj.lns.chip.sos.disk.usf.UsfConsole.monitor(UsfConsole.java:31)
		at cj.lns.chip.sos.disk.DiskMain.main(DiskMain.java:38)
		at sun.reflect.NativeMethodAccessorImpl.invoke0(NativeMethodAccessorImpl.java:-2)
		at sun.reflect.NativeMethodAccessorImpl.invoke(NativeMethodAccessorImpl.java:62)
		at sun.reflect.DelegatingMethodAccessorImpl.invoke(DelegatingMethodAccessorImpl.java:43)
		at java.lang.reflect.Method.invoke(Method.java:497)
		at cj.studio.ecm.adapter.AdapterInterrupter.invoke(AdapterInterrupter.java:111)
		at cj.lns.chip.sos.disk.DiskMain$$EnhancerByCGLIB$$6d47afee.exeCommand(<generated>:-1)
		at cj.lns.chip.sos.disk.start.Main.main(Main.java:90)
2016年01月19日 00:29:42  错误: cj.lns.chip.sos.disk.fs.FsConsole -  异常：java.io.IOException: Stream closed
		at java.io.BufferedInputStream.getBufIfOpen(BufferedInputStream.java:170)
		at java.io.BufferedInputStream.read(BufferedInputStream.java:336)
		at sun.nio.cs.StreamDecoder.readBytes(StreamDecoder.java:284)
		at sun.nio.cs.StreamDecoder.implRead(StreamDecoder.java:326)
		at sun.nio.cs.StreamDecoder.read(StreamDecoder.java:178)
		at java.io.InputStreamReader.read(InputStreamReader.java:184)
		at java.io.BufferedReader.fill(BufferedReader.java:161)
		at java.io.BufferedReader.readLine(BufferedReader.java:324)
		at java.io.BufferedReader.readLine(BufferedReader.java:389)
		at cj.lns.chip.sos.disk.Console.monitor(Console.java:66)
		at cj.lns.chip.sos.disk.local.LocalConsole.monitor(LocalConsole.java:30)
		at cj.lns.chip.sos.disk.fs.command.LocalCommand.doCommand(LocalCommand.java:50)
		at cj.lns.chip.sos.disk.Console.monitor(Console.java:109)
		at cj.lns.chip.sos.disk.fs.FsConsole.monitor(FsConsole.java:37)
		at cj.lns.chip.sos.disk.cube.command.FsCommand.doCommand(FsCommand.java:119)
		at cj.lns.chip.sos.disk.Console.monitor(Console.java:109)
		at cj.lns.chip.sos.disk.cube.CubeConsole.monitor(CubeConsole.java:33)
		at cj.lns.chip.sos.disk.netdisk.command.OpenCubeCommand.doCommand(OpenCubeCommand.java:37)
		at cj.lns.chip.sos.disk.Console.monitor(Console.java:109)
		at cj.lns.chip.sos.disk.netdisk.DiskConsole.monitor(DiskConsole.java:27)
		at cj.lns.chip.sos.disk.usf.command.OpenDiskCommand.doCommand(OpenDiskCommand.java:57)
		at cj.lns.chip.sos.disk.Console.monitor(Console.java:109)
		at cj.lns.chip.sos.disk.usf.UsfConsole.monitor(UsfConsole.java:31)
		at cj.lns.chip.sos.disk.DiskMain.main(DiskMain.java:38)
		at sun.reflect.NativeMethodAccessorImpl.invoke0(NativeMethodAccessorImpl.java:-2)
		at sun.reflect.NativeMethodAccessorImpl.invoke(NativeMethodAccessorImpl.java:62)
		at sun.reflect.DelegatingMethodAccessorImpl.invoke(DelegatingMethodAccessorImpl.java:43)
		at java.lang.reflect.Method.invoke(Method.java:497)
		at cj.studio.ecm.adapter.AdapterInterrupter.invoke(AdapterInterrupter.java:111)
		at cj.lns.chip.sos.disk.DiskMain$$EnhancerByCGLIB$$6d47afee.exeCommand(<generated>:-1)
		at cj.lns.chip.sos.disk.start.Main.main(Main.java:90)
2016年01月19日 00:29:42  错误: cj.lns.chip.sos.disk.cube.CubeConsole -  异常：java.io.IOException: Stream closed
		at java.io.BufferedInputStream.getBufIfOpen(BufferedInputStream.java:170)
		at java.io.BufferedInputStream.read(BufferedInputStream.java:336)
		at sun.nio.cs.StreamDecoder.readBytes(StreamDecoder.java:284)
		at sun.nio.cs.StreamDecoder.implRead(StreamDecoder.java:326)
		at sun.nio.cs.StreamDecoder.read(StreamDecoder.java:178)
		at java.io.InputStreamReader.read(InputStreamReader.java:184)
		at java.io.BufferedReader.fill(BufferedReader.java:161)
		at java.io.BufferedReader.readLine(BufferedReader.java:324)
		at java.io.BufferedReader.readLine(BufferedReader.java:389)
		at cj.lns.chip.sos.disk.Console.monitor(Console.java:66)
		at cj.lns.chip.sos.disk.fs.FsConsole.monitor(FsConsole.java:37)
		at cj.lns.chip.sos.disk.cube.command.FsCommand.doCommand(FsCommand.java:119)
		at cj.lns.chip.sos.disk.Console.monitor(Console.java:109)
		at cj.lns.chip.sos.disk.cube.CubeConsole.monitor(CubeConsole.java:33)
		at cj.lns.chip.sos.disk.netdisk.command.OpenCubeCommand.doCommand(OpenCubeCommand.java:37)
		at cj.lns.chip.sos.disk.Console.monitor(Console.java:109)
		at cj.lns.chip.sos.disk.netdisk.DiskConsole.monitor(DiskConsole.java:27)
		at cj.lns.chip.sos.disk.usf.command.OpenDiskCommand.doCommand(OpenDiskCommand.java:57)
		at cj.lns.chip.sos.disk.Console.monitor(Console.java:109)
		at cj.lns.chip.sos.disk.usf.UsfConsole.monitor(UsfConsole.java:31)
		at cj.lns.chip.sos.disk.DiskMain.main(DiskMain.java:38)
		at sun.reflect.NativeMethodAccessorImpl.invoke0(NativeMethodAccessorImpl.java:-2)
		at sun.reflect.NativeMethodAccessorImpl.invoke(NativeMethodAccessorImpl.java:62)
		at sun.reflect.DelegatingMethodAccessorImpl.invoke(DelegatingMethodAccessorImpl.java:43)
		at java.lang.reflect.Method.invoke(Method.java:497)
		at cj.studio.ecm.adapter.AdapterInterrupter.invoke(AdapterInterrupter.java:111)
		at cj.lns.chip.sos.disk.DiskMain$$EnhancerByCGLIB$$6d47afee.exeCommand(<generated>:-1)
		at cj.lns.chip.sos.disk.start.Main.main(Main.java:90)
2016年01月19日 00:29:42  错误: cj.lns.chip.sos.disk.netdisk.DiskConsole -  异常：java.io.IOException: Stream closed
		at java.io.BufferedInputStream.getBufIfOpen(BufferedInputStream.java:170)
		at java.io.BufferedInputStream.read(BufferedInputStream.java:336)
		at sun.nio.cs.StreamDecoder.readBytes(StreamDecoder.java:284)
		at sun.nio.cs.StreamDecoder.implRead(StreamDecoder.java:326)
		at sun.nio.cs.StreamDecoder.read(StreamDecoder.java:178)
		at java.io.InputStreamReader.read(InputStreamReader.java:184)
		at java.io.BufferedReader.fill(BufferedReader.java:161)
		at java.io.BufferedReader.readLine(BufferedReader.java:324)
		at java.io.BufferedReader.readLine(BufferedReader.java:389)
		at cj.lns.chip.sos.disk.Console.monitor(Console.java:66)
		at cj.lns.chip.sos.disk.cube.CubeConsole.monitor(CubeConsole.java:33)
		at cj.lns.chip.sos.disk.netdisk.command.OpenCubeCommand.doCommand(OpenCubeCommand.java:37)
		at cj.lns.chip.sos.disk.Console.monitor(Console.java:109)
		at cj.lns.chip.sos.disk.netdisk.DiskConsole.monitor(DiskConsole.java:27)
		at cj.lns.chip.sos.disk.usf.command.OpenDiskCommand.doCommand(OpenDiskCommand.java:57)
		at cj.lns.chip.sos.disk.Console.monitor(Console.java:109)
		at cj.lns.chip.sos.disk.usf.UsfConsole.monitor(UsfConsole.java:31)
		at cj.lns.chip.sos.disk.DiskMain.main(DiskMain.java:38)
		at sun.reflect.NativeMethodAccessorImpl.invoke0(NativeMethodAccessorImpl.java:-2)
		at sun.reflect.NativeMethodAccessorImpl.invoke(NativeMethodAccessorImpl.java:62)
		at sun.reflect.DelegatingMethodAccessorImpl.invoke(DelegatingMethodAccessorImpl.java:43)
		at java.lang.reflect.Method.invoke(Method.java:497)
		at cj.studio.ecm.adapter.AdapterInterrupter.invoke(AdapterInterrupter.java:111)
		at cj.lns.chip.sos.disk.DiskMain$$EnhancerByCGLIB$$6d47afee.exeCommand(<generated>:-1)
		at cj.lns.chip.sos.disk.start.Main.main(Main.java:90)
2016年01月19日 00:29:42  错误: cj.lns.chip.sos.disk.usf.UsfConsole -  异常：java.io.IOException: Stream closed
		at java.io.BufferedInputStream.getBufIfOpen(BufferedInputStream.java:170)
		at java.io.BufferedInputStream.read(BufferedInputStream.java:336)
		at sun.nio.cs.StreamDecoder.readBytes(StreamDecoder.java:284)
		at sun.nio.cs.StreamDecoder.implRead(StreamDecoder.java:326)
		at sun.nio.cs.StreamDecoder.read(StreamDecoder.java:178)
		at java.io.InputStreamReader.read(InputStreamReader.java:184)
		at java.io.BufferedReader.fill(BufferedReader.java:161)
		at java.io.BufferedReader.readLine(BufferedReader.java:324)
		at java.io.BufferedReader.readLine(BufferedReader.java:389)
		at cj.lns.chip.sos.disk.Console.monitor(Console.java:66)
		at cj.lns.chip.sos.disk.netdisk.DiskConsole.monitor(DiskConsole.java:27)
		at cj.lns.chip.sos.disk.usf.command.OpenDiskCommand.doCommand(OpenDiskCommand.java:57)
		at cj.lns.chip.sos.disk.Console.monitor(Console.java:109)
		at cj.lns.chip.sos.disk.usf.UsfConsole.monitor(UsfConsole.java:31)
		at cj.lns.chip.sos.disk.DiskMain.main(DiskMain.java:38)
		at sun.reflect.NativeMethodAccessorImpl.invoke0(NativeMethodAccessorImpl.java:-2)
		at sun.reflect.NativeMethodAccessorImpl.invoke(NativeMethodAccessorImpl.java:62)
		at sun.reflect.DelegatingMethodAccessorImpl.invoke(DelegatingMethodAccessorImpl.java:43)
		at java.lang.reflect.Method.invoke(Method.java:497)
		at cj.studio.ecm.adapter.AdapterInterrupter.invoke(AdapterInterrupter.java:111)
		at cj.lns.chip.sos.disk.DiskMain$$EnhancerByCGLIB$$6d47afee.exeCommand(<generated>:-1)
		at cj.lns.chip.sos.disk.start.Main.main(Main.java:90)
2016年01月19日 00:32:07  错误: cj.lns.chip.sos.disk.local.LocalConsole -  异常：cj.studio.ecm.EcmException: 不认识的命令：lose
		at cj.lns.chip.sos.disk.Console.monitor(Console.java:98)
		at cj.lns.chip.sos.disk.local.LocalConsole.monitor(LocalConsole.java:30)
		at cj.lns.chip.sos.disk.fs.command.LocalCommand.doCommand(LocalCommand.java:50)
		at cj.lns.chip.sos.disk.Console.monitor(Console.java:109)
		at cj.lns.chip.sos.disk.fs.FsConsole.monitor(FsConsole.java:37)
		at cj.lns.chip.sos.disk.cube.command.FsCommand.doCommand(FsCommand.java:119)
		at cj.lns.chip.sos.disk.Console.monitor(Console.java:109)
		at cj.lns.chip.sos.disk.cube.CubeConsole.monitor(CubeConsole.java:33)
		at cj.lns.chip.sos.disk.netdisk.command.OpenCubeCommand.doCommand(OpenCubeCommand.java:37)
		at cj.lns.chip.sos.disk.Console.monitor(Console.java:109)
		at cj.lns.chip.sos.disk.netdisk.DiskConsole.monitor(DiskConsole.java:27)
		at cj.lns.chip.sos.disk.usf.command.OpenDiskCommand.doCommand(OpenDiskCommand.java:57)
		at cj.lns.chip.sos.disk.Console.monitor(Console.java:109)
		at cj.lns.chip.sos.disk.usf.UsfConsole.monitor(UsfConsole.java:31)
		at cj.lns.chip.sos.disk.DiskMain.main(DiskMain.java:38)
		at sun.reflect.NativeMethodAccessorImpl.invoke0(NativeMethodAccessorImpl.java:-2)
		at sun.reflect.NativeMethodAccessorImpl.invoke(NativeMethodAccessorImpl.java:62)
		at sun.reflect.DelegatingMethodAccessorImpl.invoke(DelegatingMethodAccessorImpl.java:43)
		at java.lang.reflect.Method.invoke(Method.java:497)
		at cj.studio.ecm.adapter.AdapterInterrupter.invoke(AdapterInterrupter.java:111)
		at cj.lns.chip.sos.disk.DiskMain$$EnhancerByCGLIB$$6d47afee.exeCommand(<generated>:-1)
		at cj.lns.chip.sos.disk.start.Main.main(Main.java:90)
2016年01月19日 00:47:54  错误: cj.lns.chip.sos.disk.fs.FsConsole -  异常：java.io.IOException: Stream closed
		at java.io.BufferedInputStream.getBufIfOpen(BufferedInputStream.java:170)
		at java.io.BufferedInputStream.read(BufferedInputStream.java:336)
		at sun.nio.cs.StreamDecoder.readBytes(StreamDecoder.java:284)
		at sun.nio.cs.StreamDecoder.implRead(StreamDecoder.java:326)
		at sun.nio.cs.StreamDecoder.read(StreamDecoder.java:178)
		at java.io.InputStreamReader.read(InputStreamReader.java:184)
		at java.io.BufferedReader.fill(BufferedReader.java:161)
		at java.io.BufferedReader.readLine(BufferedReader.java:324)
		at java.io.BufferedReader.readLine(BufferedReader.java:389)
		at cj.lns.chip.sos.disk.Console.monitor(Console.java:66)
		at cj.lns.chip.sos.disk.local.LocalConsole.monitor(LocalConsole.java:30)
		at cj.lns.chip.sos.disk.fs.command.LocalCommand.doCommand(LocalCommand.java:50)
		at cj.lns.chip.sos.disk.Console.monitor(Console.java:109)
		at cj.lns.chip.sos.disk.fs.FsConsole.monitor(FsConsole.java:37)
		at cj.lns.chip.sos.disk.cube.command.FsCommand.doCommand(FsCommand.java:119)
		at cj.lns.chip.sos.disk.Console.monitor(Console.java:109)
		at cj.lns.chip.sos.disk.cube.CubeConsole.monitor(CubeConsole.java:33)
		at cj.lns.chip.sos.disk.netdisk.command.OpenCubeCommand.doCommand(OpenCubeCommand.java:37)
		at cj.lns.chip.sos.disk.Console.monitor(Console.java:109)
		at cj.lns.chip.sos.disk.netdisk.DiskConsole.monitor(DiskConsole.java:27)
		at cj.lns.chip.sos.disk.usf.command.OpenDiskCommand.doCommand(OpenDiskCommand.java:57)
		at cj.lns.chip.sos.disk.Console.monitor(Console.java:109)
		at cj.lns.chip.sos.disk.usf.UsfConsole.monitor(UsfConsole.java:31)
		at cj.lns.chip.sos.disk.DiskMain.main(DiskMain.java:38)
		at sun.reflect.NativeMethodAccessorImpl.invoke0(NativeMethodAccessorImpl.java:-2)
		at sun.reflect.NativeMethodAccessorImpl.invoke(NativeMethodAccessorImpl.java:62)
		at sun.reflect.DelegatingMethodAccessorImpl.invoke(DelegatingMethodAccessorImpl.java:43)
		at java.lang.reflect.Method.invoke(Method.java:497)
		at cj.studio.ecm.adapter.AdapterInterrupter.invoke(AdapterInterrupter.java:111)
		at cj.lns.chip.sos.disk.DiskMain$$EnhancerByCGLIB$$6d47afee.exeCommand(<generated>:-1)
		at cj.lns.chip.sos.disk.start.Main.main(Main.java:90)
2016年01月19日 00:47:54  错误: cj.lns.chip.sos.disk.cube.CubeConsole -  异常：java.io.IOException: Stream closed
		at java.io.BufferedInputStream.getBufIfOpen(BufferedInputStream.java:170)
		at java.io.BufferedInputStream.read(BufferedInputStream.java:336)
		at sun.nio.cs.StreamDecoder.readBytes(StreamDecoder.java:284)
		at sun.nio.cs.StreamDecoder.implRead(StreamDecoder.java:326)
		at sun.nio.cs.StreamDecoder.read(StreamDecoder.java:178)
		at java.io.InputStreamReader.read(InputStreamReader.java:184)
		at java.io.BufferedReader.fill(BufferedReader.java:161)
		at java.io.BufferedReader.readLine(BufferedReader.java:324)
		at java.io.BufferedReader.readLine(BufferedReader.java:389)
		at cj.lns.chip.sos.disk.Console.monitor(Console.java:66)
		at cj.lns.chip.sos.disk.fs.FsConsole.monitor(FsConsole.java:37)
		at cj.lns.chip.sos.disk.cube.command.FsCommand.doCommand(FsCommand.java:119)
		at cj.lns.chip.sos.disk.Console.monitor(Console.java:109)
		at cj.lns.chip.sos.disk.cube.CubeConsole.monitor(CubeConsole.java:33)
		at cj.lns.chip.sos.disk.netdisk.command.OpenCubeCommand.doCommand(OpenCubeCommand.java:37)
		at cj.lns.chip.sos.disk.Console.monitor(Console.java:109)
		at cj.lns.chip.sos.disk.netdisk.DiskConsole.monitor(DiskConsole.java:27)
		at cj.lns.chip.sos.disk.usf.command.OpenDiskCommand.doCommand(OpenDiskCommand.java:57)
		at cj.lns.chip.sos.disk.Console.monitor(Console.java:109)
		at cj.lns.chip.sos.disk.usf.UsfConsole.monitor(UsfConsole.java:31)
		at cj.lns.chip.sos.disk.DiskMain.main(DiskMain.java:38)
		at sun.reflect.NativeMethodAccessorImpl.invoke0(NativeMethodAccessorImpl.java:-2)
		at sun.reflect.NativeMethodAccessorImpl.invoke(NativeMethodAccessorImpl.java:62)
		at sun.reflect.DelegatingMethodAccessorImpl.invoke(DelegatingMethodAccessorImpl.java:43)
		at java.lang.reflect.Method.invoke(Method.java:497)
		at cj.studio.ecm.adapter.AdapterInterrupter.invoke(AdapterInterrupter.java:111)
		at cj.lns.chip.sos.disk.DiskMain$$EnhancerByCGLIB$$6d47afee.exeCommand(<generated>:-1)
		at cj.lns.chip.sos.disk.start.Main.main(Main.java:90)
2016年01月19日 00:47:54  错误: cj.lns.chip.sos.disk.netdisk.DiskConsole -  异常：java.io.IOException: Stream closed
		at java.io.BufferedInputStream.getBufIfOpen(BufferedInputStream.java:170)
		at java.io.BufferedInputStream.read(BufferedInputStream.java:336)
		at sun.nio.cs.StreamDecoder.readBytes(StreamDecoder.java:284)
		at sun.nio.cs.StreamDecoder.implRead(StreamDecoder.java:326)
		at sun.nio.cs.StreamDecoder.read(StreamDecoder.java:178)
		at java.io.InputStreamReader.read(InputStreamReader.java:184)
		at java.io.BufferedReader.fill(BufferedReader.java:161)
		at java.io.BufferedReader.readLine(BufferedReader.java:324)
		at java.io.BufferedReader.readLine(BufferedReader.java:389)
		at cj.lns.chip.sos.disk.Console.monitor(Console.java:66)
		at cj.lns.chip.sos.disk.cube.CubeConsole.monitor(CubeConsole.java:33)
		at cj.lns.chip.sos.disk.netdisk.command.OpenCubeCommand.doCommand(OpenCubeCommand.java:37)
		at cj.lns.chip.sos.disk.Console.monitor(Console.java:109)
		at cj.lns.chip.sos.disk.netdisk.DiskConsole.monitor(DiskConsole.java:27)
		at cj.lns.chip.sos.disk.usf.command.OpenDiskCommand.doCommand(OpenDiskCommand.java:57)
		at cj.lns.chip.sos.disk.Console.monitor(Console.java:109)
		at cj.lns.chip.sos.disk.usf.UsfConsole.monitor(UsfConsole.java:31)
		at cj.lns.chip.sos.disk.DiskMain.main(DiskMain.java:38)
		at sun.reflect.NativeMethodAccessorImpl.invoke0(NativeMethodAccessorImpl.java:-2)
		at sun.reflect.NativeMethodAccessorImpl.invoke(NativeMethodAccessorImpl.java:62)
		at sun.reflect.DelegatingMethodAccessorImpl.invoke(DelegatingMethodAccessorImpl.java:43)
		at java.lang.reflect.Method.invoke(Method.java:497)
		at cj.studio.ecm.adapter.AdapterInterrupter.invoke(AdapterInterrupter.java:111)
		at cj.lns.chip.sos.disk.DiskMain$$EnhancerByCGLIB$$6d47afee.exeCommand(<generated>:-1)
		at cj.lns.chip.sos.disk.start.Main.main(Main.java:90)
2016年01月19日 00:47:54  错误: cj.lns.chip.sos.disk.usf.UsfConsole -  异常：java.io.IOException: Stream closed
		at java.io.BufferedInputStream.getBufIfOpen(BufferedInputStream.java:170)
		at java.io.BufferedInputStream.read(BufferedInputStream.java:336)
		at sun.nio.cs.StreamDecoder.readBytes(StreamDecoder.java:284)
		at sun.nio.cs.StreamDecoder.implRead(StreamDecoder.java:326)
		at sun.nio.cs.StreamDecoder.read(StreamDecoder.java:178)
		at java.io.InputStreamReader.read(InputStreamReader.java:184)
		at java.io.BufferedReader.fill(BufferedReader.java:161)
		at java.io.BufferedReader.readLine(BufferedReader.java:324)
		at java.io.BufferedReader.readLine(BufferedReader.java:389)
		at cj.lns.chip.sos.disk.Console.monitor(Console.java:66)
		at cj.lns.chip.sos.disk.netdisk.DiskConsole.monitor(DiskConsole.java:27)
		at cj.lns.chip.sos.disk.usf.command.OpenDiskCommand.doCommand(OpenDiskCommand.java:57)
		at cj.lns.chip.sos.disk.Console.monitor(Console.java:109)
		at cj.lns.chip.sos.disk.usf.UsfConsole.monitor(UsfConsole.java:31)
		at cj.lns.chip.sos.disk.DiskMain.main(DiskMain.java:38)
		at sun.reflect.NativeMethodAccessorImpl.invoke0(NativeMethodAccessorImpl.java:-2)
		at sun.reflect.NativeMethodAccessorImpl.invoke(NativeMethodAccessorImpl.java:62)
		at sun.reflect.DelegatingMethodAccessorImpl.invoke(DelegatingMethodAccessorImpl.java:43)
		at java.lang.reflect.Method.invoke(Method.java:497)
		at cj.studio.ecm.adapter.AdapterInterrupter.invoke(AdapterInterrupter.java:111)
		at cj.lns.chip.sos.disk.DiskMain$$EnhancerByCGLIB$$6d47afee.exeCommand(<generated>:-1)
		at cj.lns.chip.sos.disk.start.Main.main(Main.java:90)
2016年01月19日 00:49:45  错误: cj.lns.chip.sos.disk.fs.FsConsole -  异常：java.io.IOException: Stream closed
		at java.io.BufferedInputStream.getBufIfOpen(BufferedInputStream.java:170)
		at java.io.BufferedInputStream.read(BufferedInputStream.java:336)
		at sun.nio.cs.StreamDecoder.readBytes(StreamDecoder.java:284)
		at sun.nio.cs.StreamDecoder.implRead(StreamDecoder.java:326)
		at sun.nio.cs.StreamDecoder.read(StreamDecoder.java:178)
		at java.io.InputStreamReader.read(InputStreamReader.java:184)
		at java.io.BufferedReader.fill(BufferedReader.java:161)
		at java.io.BufferedReader.readLine(BufferedReader.java:324)
		at java.io.BufferedReader.readLine(BufferedReader.java:389)
		at cj.lns.chip.sos.disk.Console.monitor(Console.java:66)
		at cj.lns.chip.sos.disk.local.LocalConsole.monitor(LocalConsole.java:30)
		at cj.lns.chip.sos.disk.fs.command.LocalCommand.doCommand(LocalCommand.java:50)
		at cj.lns.chip.sos.disk.Console.monitor(Console.java:109)
		at cj.lns.chip.sos.disk.fs.FsConsole.monitor(FsConsole.java:37)
		at cj.lns.chip.sos.disk.cube.command.FsCommand.doCommand(FsCommand.java:119)
		at cj.lns.chip.sos.disk.Console.monitor(Console.java:109)
		at cj.lns.chip.sos.disk.cube.CubeConsole.monitor(CubeConsole.java:33)
		at cj.lns.chip.sos.disk.netdisk.command.OpenCubeCommand.doCommand(OpenCubeCommand.java:37)
		at cj.lns.chip.sos.disk.Console.monitor(Console.java:109)
		at cj.lns.chip.sos.disk.netdisk.DiskConsole.monitor(DiskConsole.java:27)
		at cj.lns.chip.sos.disk.usf.command.OpenDiskCommand.doCommand(OpenDiskCommand.java:57)
		at cj.lns.chip.sos.disk.Console.monitor(Console.java:109)
		at cj.lns.chip.sos.disk.usf.UsfConsole.monitor(UsfConsole.java:31)
		at cj.lns.chip.sos.disk.DiskMain.main(DiskMain.java:38)
		at sun.reflect.NativeMethodAccessorImpl.invoke0(NativeMethodAccessorImpl.java:-2)
		at sun.reflect.NativeMethodAccessorImpl.invoke(NativeMethodAccessorImpl.java:62)
		at sun.reflect.DelegatingMethodAccessorImpl.invoke(DelegatingMethodAccessorImpl.java:43)
		at java.lang.reflect.Method.invoke(Method.java:497)
		at cj.studio.ecm.adapter.AdapterInterrupter.invoke(AdapterInterrupter.java:111)
		at cj.lns.chip.sos.disk.DiskMain$$EnhancerByCGLIB$$6d47afee.exeCommand(<generated>:-1)
		at cj.lns.chip.sos.disk.start.Main.main(Main.java:90)
2016年01月19日 00:49:45  错误: cj.lns.chip.sos.disk.cube.CubeConsole -  异常：java.io.IOException: Stream closed
		at java.io.BufferedInputStream.getBufIfOpen(BufferedInputStream.java:170)
		at java.io.BufferedInputStream.read(BufferedInputStream.java:336)
		at sun.nio.cs.StreamDecoder.readBytes(StreamDecoder.java:284)
		at sun.nio.cs.StreamDecoder.implRead(StreamDecoder.java:326)
		at sun.nio.cs.StreamDecoder.read(StreamDecoder.java:178)
		at java.io.InputStreamReader.read(InputStreamReader.java:184)
		at java.io.BufferedReader.fill(BufferedReader.java:161)
		at java.io.BufferedReader.readLine(BufferedReader.java:324)
		at java.io.BufferedReader.readLine(BufferedReader.java:389)
		at cj.lns.chip.sos.disk.Console.monitor(Console.java:66)
		at cj.lns.chip.sos.disk.fs.FsConsole.monitor(FsConsole.java:37)
		at cj.lns.chip.sos.disk.cube.command.FsCommand.doCommand(FsCommand.java:119)
		at cj.lns.chip.sos.disk.Console.monitor(Console.java:109)
		at cj.lns.chip.sos.disk.cube.CubeConsole.monitor(CubeConsole.java:33)
		at cj.lns.chip.sos.disk.netdisk.command.OpenCubeCommand.doCommand(OpenCubeCommand.java:37)
		at cj.lns.chip.sos.disk.Console.monitor(Console.java:109)
		at cj.lns.chip.sos.disk.netdisk.DiskConsole.monitor(DiskConsole.java:27)
		at cj.lns.chip.sos.disk.usf.command.OpenDiskCommand.doCommand(OpenDiskCommand.java:57)
		at cj.lns.chip.sos.disk.Console.monitor(Console.java:109)
		at cj.lns.chip.sos.disk.usf.UsfConsole.monitor(UsfConsole.java:31)
		at cj.lns.chip.sos.disk.DiskMain.main(DiskMain.java:38)
		at sun.reflect.NativeMethodAccessorImpl.invoke0(NativeMethodAccessorImpl.java:-2)
		at sun.reflect.NativeMethodAccessorImpl.invoke(NativeMethodAccessorImpl.java:62)
		at sun.reflect.DelegatingMethodAccessorImpl.invoke(DelegatingMethodAccessorImpl.java:43)
		at java.lang.reflect.Method.invoke(Method.java:497)
		at cj.studio.ecm.adapter.AdapterInterrupter.invoke(AdapterInterrupter.java:111)
		at cj.lns.chip.sos.disk.DiskMain$$EnhancerByCGLIB$$6d47afee.exeCommand(<generated>:-1)
		at cj.lns.chip.sos.disk.start.Main.main(Main.java:90)
2016年01月19日 00:49:45  错误: cj.lns.chip.sos.disk.netdisk.DiskConsole -  异常：java.io.IOException: Stream closed
		at java.io.BufferedInputStream.getBufIfOpen(BufferedInputStream.java:170)
		at java.io.BufferedInputStream.read(BufferedInputStream.java:336)
		at sun.nio.cs.StreamDecoder.readBytes(StreamDecoder.java:284)
		at sun.nio.cs.StreamDecoder.implRead(StreamDecoder.java:326)
		at sun.nio.cs.StreamDecoder.read(StreamDecoder.java:178)
		at java.io.InputStreamReader.read(InputStreamReader.java:184)
		at java.io.BufferedReader.fill(BufferedReader.java:161)
		at java.io.BufferedReader.readLine(BufferedReader.java:324)
		at java.io.BufferedReader.readLine(BufferedReader.java:389)
		at cj.lns.chip.sos.disk.Console.monitor(Console.java:66)
		at cj.lns.chip.sos.disk.cube.CubeConsole.monitor(CubeConsole.java:33)
		at cj.lns.chip.sos.disk.netdisk.command.OpenCubeCommand.doCommand(OpenCubeCommand.java:37)
		at cj.lns.chip.sos.disk.Console.monitor(Console.java:109)
		at cj.lns.chip.sos.disk.netdisk.DiskConsole.monitor(DiskConsole.java:27)
		at cj.lns.chip.sos.disk.usf.command.OpenDiskCommand.doCommand(OpenDiskCommand.java:57)
		at cj.lns.chip.sos.disk.Console.monitor(Console.java:109)
		at cj.lns.chip.sos.disk.usf.UsfConsole.monitor(UsfConsole.java:31)
		at cj.lns.chip.sos.disk.DiskMain.main(DiskMain.java:38)
		at sun.reflect.NativeMethodAccessorImpl.invoke0(NativeMethodAccessorImpl.java:-2)
		at sun.reflect.NativeMethodAccessorImpl.invoke(NativeMethodAccessorImpl.java:62)
		at sun.reflect.DelegatingMethodAccessorImpl.invoke(DelegatingMethodAccessorImpl.java:43)
		at java.lang.reflect.Method.invoke(Method.java:497)
		at cj.studio.ecm.adapter.AdapterInterrupter.invoke(AdapterInterrupter.java:111)
		at cj.lns.chip.sos.disk.DiskMain$$EnhancerByCGLIB$$6d47afee.exeCommand(<generated>:-1)
		at cj.lns.chip.sos.disk.start.Main.main(Main.java:90)
2016年01月19日 00:49:45  错误: cj.lns.chip.sos.disk.usf.UsfConsole -  异常：java.io.IOException: Stream closed
		at java.io.BufferedInputStream.getBufIfOpen(BufferedInputStream.java:170)
		at java.io.BufferedInputStream.read(BufferedInputStream.java:336)
		at sun.nio.cs.StreamDecoder.readBytes(StreamDecoder.java:284)
		at sun.nio.cs.StreamDecoder.implRead(StreamDecoder.java:326)
		at sun.nio.cs.StreamDecoder.read(StreamDecoder.java:178)
		at java.io.InputStreamReader.read(InputStreamReader.java:184)
		at java.io.BufferedReader.fill(BufferedReader.java:161)
		at java.io.BufferedReader.readLine(BufferedReader.java:324)
		at java.io.BufferedReader.readLine(BufferedReader.java:389)
		at cj.lns.chip.sos.disk.Console.monitor(Console.java:66)
		at cj.lns.chip.sos.disk.netdisk.DiskConsole.monitor(DiskConsole.java:27)
		at cj.lns.chip.sos.disk.usf.command.OpenDiskCommand.doCommand(OpenDiskCommand.java:57)
		at cj.lns.chip.sos.disk.Console.monitor(Console.java:109)
		at cj.lns.chip.sos.disk.usf.UsfConsole.monitor(UsfConsole.java:31)
		at cj.lns.chip.sos.disk.DiskMain.main(DiskMain.java:38)
		at sun.reflect.NativeMethodAccessorImpl.invoke0(NativeMethodAccessorImpl.java:-2)
		at sun.reflect.NativeMethodAccessorImpl.invoke(NativeMethodAccessorImpl.java:62)
		at sun.reflect.DelegatingMethodAccessorImpl.invoke(DelegatingMethodAccessorImpl.java:43)
		at java.lang.reflect.Method.invoke(Method.java:497)
		at cj.studio.ecm.adapter.AdapterInterrupter.invoke(AdapterInterrupter.java:111)
		at cj.lns.chip.sos.disk.DiskMain$$EnhancerByCGLIB$$6d47afee.exeCommand(<generated>:-1)
		at cj.lns.chip.sos.disk.start.Main.main(Main.java:90)
2016年01月19日 01:01:32  错误: cj.lns.chip.sos.disk.local.LocalConsole -  异常：cj.studio.ecm.EcmException: 不认识的命令：lose
		at cj.lns.chip.sos.disk.Console.monitor(Console.java:98)
		at cj.lns.chip.sos.disk.local.LocalConsole.monitor(LocalConsole.java:30)
		at cj.lns.chip.sos.disk.fs.command.LocalCommand.doCommand(LocalCommand.java:50)
		at cj.lns.chip.sos.disk.Console.monitor(Console.java:109)
		at cj.lns.chip.sos.disk.fs.FsConsole.monitor(FsConsole.java:37)
		at cj.lns.chip.sos.disk.cube.command.FsCommand.doCommand(FsCommand.java:119)
		at cj.lns.chip.sos.disk.Console.monitor(Console.java:109)
		at cj.lns.chip.sos.disk.cube.CubeConsole.monitor(CubeConsole.java:33)
		at cj.lns.chip.sos.disk.netdisk.command.OpenCubeCommand.doCommand(OpenCubeCommand.java:37)
		at cj.lns.chip.sos.disk.Console.monitor(Console.java:109)
		at cj.lns.chip.sos.disk.netdisk.DiskConsole.monitor(DiskConsole.java:27)
		at cj.lns.chip.sos.disk.usf.command.OpenDiskCommand.doCommand(OpenDiskCommand.java:57)
		at cj.lns.chip.sos.disk.Console.monitor(Console.java:109)
		at cj.lns.chip.sos.disk.usf.UsfConsole.monitor(UsfConsole.java:31)
		at cj.lns.chip.sos.disk.DiskMain.main(DiskMain.java:38)
		at sun.reflect.NativeMethodAccessorImpl.invoke0(NativeMethodAccessorImpl.java:-2)
		at sun.reflect.NativeMethodAccessorImpl.invoke(NativeMethodAccessorImpl.java:62)
		at sun.reflect.DelegatingMethodAccessorImpl.invoke(DelegatingMethodAccessorImpl.java:43)
		at java.lang.reflect.Method.invoke(Method.java:497)
		at cj.studio.ecm.adapter.AdapterInterrupter.invoke(AdapterInterrupter.java:111)
		at cj.lns.chip.sos.disk.DiskMain$$EnhancerByCGLIB$$6d47afee.exeCommand(<generated>:-1)
		at cj.lns.chip.sos.disk.start.Main.main(Main.java:90)
2016年01月19日 01:26:43  错误: cj.lns.chip.sos.disk.fs.FsConsole -  异常：java.io.IOException: Stream Closed
		at java.io.FileInputStream.readBytes(FileInputStream.java:-2)
		at java.io.FileInputStream.read(FileInputStream.java:255)
		at java.io.BufferedInputStream.read1(BufferedInputStream.java:284)
		at java.io.BufferedInputStream.read(BufferedInputStream.java:345)
		at sun.nio.cs.StreamDecoder.readBytes(StreamDecoder.java:284)
		at sun.nio.cs.StreamDecoder.implRead(StreamDecoder.java:326)
		at sun.nio.cs.StreamDecoder.read(StreamDecoder.java:178)
		at java.io.InputStreamReader.read(InputStreamReader.java:184)
		at java.io.BufferedReader.fill(BufferedReader.java:161)
		at java.io.BufferedReader.readLine(BufferedReader.java:324)
		at java.io.BufferedReader.readLine(BufferedReader.java:389)
		at cj.lns.chip.sos.disk.Console.monitor(Console.java:66)
		at cj.lns.chip.sos.disk.local.LocalConsole.monitor(LocalConsole.java:30)
		at cj.lns.chip.sos.disk.fs.command.LocalCommand.doCommand(LocalCommand.java:50)
		at cj.lns.chip.sos.disk.Console.monitor(Console.java:109)
		at cj.lns.chip.sos.disk.fs.FsConsole.monitor(FsConsole.java:37)
		at cj.lns.chip.sos.disk.cube.command.FsCommand.doCommand(FsCommand.java:119)
		at cj.lns.chip.sos.disk.Console.monitor(Console.java:109)
		at cj.lns.chip.sos.disk.cube.CubeConsole.monitor(CubeConsole.java:33)
		at cj.lns.chip.sos.disk.netdisk.command.OpenCubeCommand.doCommand(OpenCubeCommand.java:37)
		at cj.lns.chip.sos.disk.Console.monitor(Console.java:109)
		at cj.lns.chip.sos.disk.netdisk.DiskConsole.monitor(DiskConsole.java:27)
		at cj.lns.chip.sos.disk.usf.command.OpenDiskCommand.doCommand(OpenDiskCommand.java:57)
		at cj.lns.chip.sos.disk.Console.monitor(Console.java:109)
		at cj.lns.chip.sos.disk.usf.UsfConsole.monitor(UsfConsole.java:31)
		at cj.lns.chip.sos.disk.DiskMain.main(DiskMain.java:38)
		at sun.reflect.NativeMethodAccessorImpl.invoke0(NativeMethodAccessorImpl.java:-2)
		at sun.reflect.NativeMethodAccessorImpl.invoke(NativeMethodAccessorImpl.java:62)
		at sun.reflect.DelegatingMethodAccessorImpl.invoke(DelegatingMethodAccessorImpl.java:43)
		at java.lang.reflect.Method.invoke(Method.java:497)
		at cj.studio.ecm.adapter.AdapterInterrupter.invoke(AdapterInterrupter.java:111)
		at cj.lns.chip.sos.disk.DiskMain$$EnhancerByCGLIB$$6d47afee.exeCommand(<generated>:-1)
		at cj.lns.chip.sos.disk.start.Main.main(Main.java:90)
2016年01月19日 01:26:43  错误: cj.lns.chip.sos.disk.cube.CubeConsole -  异常：java.io.IOException: Stream Closed
		at java.io.FileInputStream.readBytes(FileInputStream.java:-2)
		at java.io.FileInputStream.read(FileInputStream.java:255)
		at java.io.BufferedInputStream.read1(BufferedInputStream.java:284)
		at java.io.BufferedInputStream.read(BufferedInputStream.java:345)
		at sun.nio.cs.StreamDecoder.readBytes(StreamDecoder.java:284)
		at sun.nio.cs.StreamDecoder.implRead(StreamDecoder.java:326)
		at sun.nio.cs.StreamDecoder.read(StreamDecoder.java:178)
		at java.io.InputStreamReader.read(InputStreamReader.java:184)
		at java.io.BufferedReader.fill(BufferedReader.java:161)
		at java.io.BufferedReader.readLine(BufferedReader.java:324)
		at java.io.BufferedReader.readLine(BufferedReader.java:389)
		at cj.lns.chip.sos.disk.Console.monitor(Console.java:66)
		at cj.lns.chip.sos.disk.fs.FsConsole.monitor(FsConsole.java:37)
		at cj.lns.chip.sos.disk.cube.command.FsCommand.doCommand(FsCommand.java:119)
		at cj.lns.chip.sos.disk.Console.monitor(Console.java:109)
		at cj.lns.chip.sos.disk.cube.CubeConsole.monitor(CubeConsole.java:33)
		at cj.lns.chip.sos.disk.netdisk.command.OpenCubeCommand.doCommand(OpenCubeCommand.java:37)
		at cj.lns.chip.sos.disk.Console.monitor(Console.java:109)
		at cj.lns.chip.sos.disk.netdisk.DiskConsole.monitor(DiskConsole.java:27)
		at cj.lns.chip.sos.disk.usf.command.OpenDiskCommand.doCommand(OpenDiskCommand.java:57)
		at cj.lns.chip.sos.disk.Console.monitor(Console.java:109)
		at cj.lns.chip.sos.disk.usf.UsfConsole.monitor(UsfConsole.java:31)
		at cj.lns.chip.sos.disk.DiskMain.main(DiskMain.java:38)
		at sun.reflect.NativeMethodAccessorImpl.invoke0(NativeMethodAccessorImpl.java:-2)
		at sun.reflect.NativeMethodAccessorImpl.invoke(NativeMethodAccessorImpl.java:62)
		at sun.reflect.DelegatingMethodAccessorImpl.invoke(DelegatingMethodAccessorImpl.java:43)
		at java.lang.reflect.Method.invoke(Method.java:497)
		at cj.studio.ecm.adapter.AdapterInterrupter.invoke(AdapterInterrupter.java:111)
		at cj.lns.chip.sos.disk.DiskMain$$EnhancerByCGLIB$$6d47afee.exeCommand(<generated>:-1)
		at cj.lns.chip.sos.disk.start.Main.main(Main.java:90)
2016年01月19日 01:26:43  错误: cj.lns.chip.sos.disk.netdisk.DiskConsole -  异常：java.io.IOException: Stream Closed
		at java.io.FileInputStream.readBytes(FileInputStream.java:-2)
		at java.io.FileInputStream.read(FileInputStream.java:255)
		at java.io.BufferedInputStream.read1(BufferedInputStream.java:284)
		at java.io.BufferedInputStream.read(BufferedInputStream.java:345)
		at sun.nio.cs.StreamDecoder.readBytes(StreamDecoder.java:284)
		at sun.nio.cs.StreamDecoder.implRead(StreamDecoder.java:326)
		at sun.nio.cs.StreamDecoder.read(StreamDecoder.java:178)
		at java.io.InputStreamReader.read(InputStreamReader.java:184)
		at java.io.BufferedReader.fill(BufferedReader.java:161)
		at java.io.BufferedReader.readLine(BufferedReader.java:324)
		at java.io.BufferedReader.readLine(BufferedReader.java:389)
		at cj.lns.chip.sos.disk.Console.monitor(Console.java:66)
		at cj.lns.chip.sos.disk.cube.CubeConsole.monitor(CubeConsole.java:33)
		at cj.lns.chip.sos.disk.netdisk.command.OpenCubeCommand.doCommand(OpenCubeCommand.java:37)
		at cj.lns.chip.sos.disk.Console.monitor(Console.java:109)
		at cj.lns.chip.sos.disk.netdisk.DiskConsole.monitor(DiskConsole.java:27)
		at cj.lns.chip.sos.disk.usf.command.OpenDiskCommand.doCommand(OpenDiskCommand.java:57)
		at cj.lns.chip.sos.disk.Console.monitor(Console.java:109)
		at cj.lns.chip.sos.disk.usf.UsfConsole.monitor(UsfConsole.java:31)
		at cj.lns.chip.sos.disk.DiskMain.main(DiskMain.java:38)
		at sun.reflect.NativeMethodAccessorImpl.invoke0(NativeMethodAccessorImpl.java:-2)
		at sun.reflect.NativeMethodAccessorImpl.invoke(NativeMethodAccessorImpl.java:62)
		at sun.reflect.DelegatingMethodAccessorImpl.invoke(DelegatingMethodAccessorImpl.java:43)
		at java.lang.reflect.Method.invoke(Method.java:497)
		at cj.studio.ecm.adapter.AdapterInterrupter.invoke(AdapterInterrupter.java:111)
		at cj.lns.chip.sos.disk.DiskMain$$EnhancerByCGLIB$$6d47afee.exeCommand(<generated>:-1)
		at cj.lns.chip.sos.disk.start.Main.main(Main.java:90)
2016年01月19日 01:26:43  错误: cj.lns.chip.sos.disk.usf.UsfConsole -  异常：java.io.IOException: Stream Closed
		at java.io.FileInputStream.readBytes(FileInputStream.java:-2)
		at java.io.FileInputStream.read(FileInputStream.java:255)
		at java.io.BufferedInputStream.read1(BufferedInputStream.java:284)
		at java.io.BufferedInputStream.read(BufferedInputStream.java:345)
		at sun.nio.cs.StreamDecoder.readBytes(StreamDecoder.java:284)
		at sun.nio.cs.StreamDecoder.implRead(StreamDecoder.java:326)
		at sun.nio.cs.StreamDecoder.read(StreamDecoder.java:178)
		at java.io.InputStreamReader.read(InputStreamReader.java:184)
		at java.io.BufferedReader.fill(BufferedReader.java:161)
		at java.io.BufferedReader.readLine(BufferedReader.java:324)
		at java.io.BufferedReader.readLine(BufferedReader.java:389)
		at cj.lns.chip.sos.disk.Console.monitor(Console.java:66)
		at cj.lns.chip.sos.disk.netdisk.DiskConsole.monitor(DiskConsole.java:27)
		at cj.lns.chip.sos.disk.usf.command.OpenDiskCommand.doCommand(OpenDiskCommand.java:57)
		at cj.lns.chip.sos.disk.Console.monitor(Console.java:109)
		at cj.lns.chip.sos.disk.usf.UsfConsole.monitor(UsfConsole.java:31)
		at cj.lns.chip.sos.disk.DiskMain.main(DiskMain.java:38)
		at sun.reflect.NativeMethodAccessorImpl.invoke0(NativeMethodAccessorImpl.java:-2)
		at sun.reflect.NativeMethodAccessorImpl.invoke(NativeMethodAccessorImpl.java:62)
		at sun.reflect.DelegatingMethodAccessorImpl.invoke(DelegatingMethodAccessorImpl.java:43)
		at java.lang.reflect.Method.invoke(Method.java:497)
		at cj.studio.ecm.adapter.AdapterInterrupter.invoke(AdapterInterrupter.java:111)
		at cj.lns.chip.sos.disk.DiskMain$$EnhancerByCGLIB$$6d47afee.exeCommand(<generated>:-1)
		at cj.lns.chip.sos.disk.start.Main.main(Main.java:90)
2016年01月19日 01:28:45  错误: cj.lns.chip.sos.disk.cube.CubeConsole -  异常：cj.studio.ecm.EcmException: 不认识的命令：cd
		at cj.lns.chip.sos.disk.Console.monitor(Console.java:98)
		at cj.lns.chip.sos.disk.cube.CubeConsole.monitor(CubeConsole.java:33)
		at cj.lns.chip.sos.disk.netdisk.command.OpenCubeCommand.doCommand(OpenCubeCommand.java:37)
		at cj.lns.chip.sos.disk.Console.monitor(Console.java:109)
		at cj.lns.chip.sos.disk.netdisk.DiskConsole.monitor(DiskConsole.java:27)
		at cj.lns.chip.sos.disk.usf.command.OpenDiskCommand.doCommand(OpenDiskCommand.java:57)
		at cj.lns.chip.sos.disk.Console.monitor(Console.java:109)
		at cj.lns.chip.sos.disk.usf.UsfConsole.monitor(UsfConsole.java:31)
		at cj.lns.chip.sos.disk.DiskMain.main(DiskMain.java:38)
		at sun.reflect.NativeMethodAccessorImpl.invoke0(NativeMethodAccessorImpl.java:-2)
		at sun.reflect.NativeMethodAccessorImpl.invoke(NativeMethodAccessorImpl.java:62)
		at sun.reflect.DelegatingMethodAccessorImpl.invoke(DelegatingMethodAccessorImpl.java:43)
		at java.lang.reflect.Method.invoke(Method.java:497)
		at cj.studio.ecm.adapter.AdapterInterrupter.invoke(AdapterInterrupter.java:111)
		at cj.lns.chip.sos.disk.DiskMain$$EnhancerByCGLIB$$6d47afee.exeCommand(<generated>:-1)
		at cj.lns.chip.sos.disk.start.Main.main(Main.java:90)
2016年01月19日 01:29:13  错误: cj.lns.chip.sos.disk.fs.FsConsole -  异常：java.io.IOException: Stream Closed
		at java.io.FileInputStream.readBytes(FileInputStream.java:-2)
		at java.io.FileInputStream.read(FileInputStream.java:255)
		at java.io.BufferedInputStream.read1(BufferedInputStream.java:284)
		at java.io.BufferedInputStream.read(BufferedInputStream.java:345)
		at sun.nio.cs.StreamDecoder.readBytes(StreamDecoder.java:284)
		at sun.nio.cs.StreamDecoder.implRead(StreamDecoder.java:326)
		at sun.nio.cs.StreamDecoder.read(StreamDecoder.java:178)
		at java.io.InputStreamReader.read(InputStreamReader.java:184)
		at java.io.BufferedReader.fill(BufferedReader.java:161)
		at java.io.BufferedReader.readLine(BufferedReader.java:324)
		at java.io.BufferedReader.readLine(BufferedReader.java:389)
		at cj.lns.chip.sos.disk.Console.monitor(Console.java:66)
		at cj.lns.chip.sos.disk.local.LocalConsole.monitor(LocalConsole.java:30)
		at cj.lns.chip.sos.disk.fs.command.LocalCommand.doCommand(LocalCommand.java:50)
		at cj.lns.chip.sos.disk.Console.monitor(Console.java:109)
		at cj.lns.chip.sos.disk.fs.FsConsole.monitor(FsConsole.java:37)
		at cj.lns.chip.sos.disk.cube.command.FsCommand.doCommand(FsCommand.java:119)
		at cj.lns.chip.sos.disk.Console.monitor(Console.java:109)
		at cj.lns.chip.sos.disk.cube.CubeConsole.monitor(CubeConsole.java:33)
		at cj.lns.chip.sos.disk.netdisk.command.OpenCubeCommand.doCommand(OpenCubeCommand.java:37)
		at cj.lns.chip.sos.disk.Console.monitor(Console.java:109)
		at cj.lns.chip.sos.disk.netdisk.DiskConsole.monitor(DiskConsole.java:27)
		at cj.lns.chip.sos.disk.usf.command.OpenDiskCommand.doCommand(OpenDiskCommand.java:57)
		at cj.lns.chip.sos.disk.Console.monitor(Console.java:109)
		at cj.lns.chip.sos.disk.usf.UsfConsole.monitor(UsfConsole.java:31)
		at cj.lns.chip.sos.disk.DiskMain.main(DiskMain.java:38)
		at sun.reflect.NativeMethodAccessorImpl.invoke0(NativeMethodAccessorImpl.java:-2)
		at sun.reflect.NativeMethodAccessorImpl.invoke(NativeMethodAccessorImpl.java:62)
		at sun.reflect.DelegatingMethodAccessorImpl.invoke(DelegatingMethodAccessorImpl.java:43)
		at java.lang.reflect.Method.invoke(Method.java:497)
		at cj.studio.ecm.adapter.AdapterInterrupter.invoke(AdapterInterrupter.java:111)
		at cj.lns.chip.sos.disk.DiskMain$$EnhancerByCGLIB$$6d47afee.exeCommand(<generated>:-1)
		at cj.lns.chip.sos.disk.start.Main.main(Main.java:90)
2016年01月19日 01:29:13  错误: cj.lns.chip.sos.disk.cube.CubeConsole -  异常：java.io.IOException: Stream Closed
		at java.io.FileInputStream.readBytes(FileInputStream.java:-2)
		at java.io.FileInputStream.read(FileInputStream.java:255)
		at java.io.BufferedInputStream.read1(BufferedInputStream.java:284)
		at java.io.BufferedInputStream.read(BufferedInputStream.java:345)
		at sun.nio.cs.StreamDecoder.readBytes(StreamDecoder.java:284)
		at sun.nio.cs.StreamDecoder.implRead(StreamDecoder.java:326)
		at sun.nio.cs.StreamDecoder.read(StreamDecoder.java:178)
		at java.io.InputStreamReader.read(InputStreamReader.java:184)
		at java.io.BufferedReader.fill(BufferedReader.java:161)
		at java.io.BufferedReader.readLine(BufferedReader.java:324)
		at java.io.BufferedReader.readLine(BufferedReader.java:389)
		at cj.lns.chip.sos.disk.Console.monitor(Console.java:66)
		at cj.lns.chip.sos.disk.fs.FsConsole.monitor(FsConsole.java:37)
		at cj.lns.chip.sos.disk.cube.command.FsCommand.doCommand(FsCommand.java:119)
		at cj.lns.chip.sos.disk.Console.monitor(Console.java:109)
		at cj.lns.chip.sos.disk.cube.CubeConsole.monitor(CubeConsole.java:33)
		at cj.lns.chip.sos.disk.netdisk.command.OpenCubeCommand.doCommand(OpenCubeCommand.java:37)
		at cj.lns.chip.sos.disk.Console.monitor(Console.java:109)
		at cj.lns.chip.sos.disk.netdisk.DiskConsole.monitor(DiskConsole.java:27)
		at cj.lns.chip.sos.disk.usf.command.OpenDiskCommand.doCommand(OpenDiskCommand.java:57)
		at cj.lns.chip.sos.disk.Console.monitor(Console.java:109)
		at cj.lns.chip.sos.disk.usf.UsfConsole.monitor(UsfConsole.java:31)
		at cj.lns.chip.sos.disk.DiskMain.main(DiskMain.java:38)
		at sun.reflect.NativeMethodAccessorImpl.invoke0(NativeMethodAccessorImpl.java:-2)
		at sun.reflect.NativeMethodAccessorImpl.invoke(NativeMethodAccessorImpl.java:62)
		at sun.reflect.DelegatingMethodAccessorImpl.invoke(DelegatingMethodAccessorImpl.java:43)
		at java.lang.reflect.Method.invoke(Method.java:497)
		at cj.studio.ecm.adapter.AdapterInterrupter.invoke(AdapterInterrupter.java:111)
		at cj.lns.chip.sos.disk.DiskMain$$EnhancerByCGLIB$$6d47afee.exeCommand(<generated>:-1)
		at cj.lns.chip.sos.disk.start.Main.main(Main.java:90)
2016年01月19日 01:29:13  错误: cj.lns.chip.sos.disk.netdisk.DiskConsole -  异常：java.io.IOException: Stream Closed
		at java.io.FileInputStream.readBytes(FileInputStream.java:-2)
		at java.io.FileInputStream.read(FileInputStream.java:255)
		at java.io.BufferedInputStream.read1(BufferedInputStream.java:284)
		at java.io.BufferedInputStream.read(BufferedInputStream.java:345)
		at sun.nio.cs.StreamDecoder.readBytes(StreamDecoder.java:284)
		at sun.nio.cs.StreamDecoder.implRead(StreamDecoder.java:326)
		at sun.nio.cs.StreamDecoder.read(StreamDecoder.java:178)
		at java.io.InputStreamReader.read(InputStreamReader.java:184)
		at java.io.BufferedReader.fill(BufferedReader.java:161)
		at java.io.BufferedReader.readLine(BufferedReader.java:324)
		at java.io.BufferedReader.readLine(BufferedReader.java:389)
		at cj.lns.chip.sos.disk.Console.monitor(Console.java:66)
		at cj.lns.chip.sos.disk.cube.CubeConsole.monitor(CubeConsole.java:33)
		at cj.lns.chip.sos.disk.netdisk.command.OpenCubeCommand.doCommand(OpenCubeCommand.java:37)
		at cj.lns.chip.sos.disk.Console.monitor(Console.java:109)
		at cj.lns.chip.sos.disk.netdisk.DiskConsole.monitor(DiskConsole.java:27)
		at cj.lns.chip.sos.disk.usf.command.OpenDiskCommand.doCommand(OpenDiskCommand.java:57)
		at cj.lns.chip.sos.disk.Console.monitor(Console.java:109)
		at cj.lns.chip.sos.disk.usf.UsfConsole.monitor(UsfConsole.java:31)
		at cj.lns.chip.sos.disk.DiskMain.main(DiskMain.java:38)
		at sun.reflect.NativeMethodAccessorImpl.invoke0(NativeMethodAccessorImpl.java:-2)
		at sun.reflect.NativeMethodAccessorImpl.invoke(NativeMethodAccessorImpl.java:62)
		at sun.reflect.DelegatingMethodAccessorImpl.invoke(DelegatingMethodAccessorImpl.java:43)
		at java.lang.reflect.Method.invoke(Method.java:497)
		at cj.studio.ecm.adapter.AdapterInterrupter.invoke(AdapterInterrupter.java:111)
		at cj.lns.chip.sos.disk.DiskMain$$EnhancerByCGLIB$$6d47afee.exeCommand(<generated>:-1)
		at cj.lns.chip.sos.disk.start.Main.main(Main.java:90)
2016年01月19日 01:29:13  错误: cj.lns.chip.sos.disk.usf.UsfConsole -  异常：java.io.IOException: Stream Closed
		at java.io.FileInputStream.readBytes(FileInputStream.java:-2)
		at java.io.FileInputStream.read(FileInputStream.java:255)
		at java.io.BufferedInputStream.read1(BufferedInputStream.java:284)
		at java.io.BufferedInputStream.read(BufferedInputStream.java:345)
		at sun.nio.cs.StreamDecoder.readBytes(StreamDecoder.java:284)
		at sun.nio.cs.StreamDecoder.implRead(StreamDecoder.java:326)
		at sun.nio.cs.StreamDecoder.read(StreamDecoder.java:178)
		at java.io.InputStreamReader.read(InputStreamReader.java:184)
		at java.io.BufferedReader.fill(BufferedReader.java:161)
		at java.io.BufferedReader.readLine(BufferedReader.java:324)
		at java.io.BufferedReader.readLine(BufferedReader.java:389)
		at cj.lns.chip.sos.disk.Console.monitor(Console.java:66)
		at cj.lns.chip.sos.disk.netdisk.DiskConsole.monitor(DiskConsole.java:27)
		at cj.lns.chip.sos.disk.usf.command.OpenDiskCommand.doCommand(OpenDiskCommand.java:57)
		at cj.lns.chip.sos.disk.Console.monitor(Console.java:109)
		at cj.lns.chip.sos.disk.usf.UsfConsole.monitor(UsfConsole.java:31)
		at cj.lns.chip.sos.disk.DiskMain.main(DiskMain.java:38)
		at sun.reflect.NativeMethodAccessorImpl.invoke0(NativeMethodAccessorImpl.java:-2)
		at sun.reflect.NativeMethodAccessorImpl.invoke(NativeMethodAccessorImpl.java:62)
		at sun.reflect.DelegatingMethodAccessorImpl.invoke(DelegatingMethodAccessorImpl.java:43)
		at java.lang.reflect.Method.invoke(Method.java:497)
		at cj.studio.ecm.adapter.AdapterInterrupter.invoke(AdapterInterrupter.java:111)
		at cj.lns.chip.sos.disk.DiskMain$$EnhancerByCGLIB$$6d47afee.exeCommand(<generated>:-1)
		at cj.lns.chip.sos.disk.start.Main.main(Main.java:90)
2016年01月19日 01:32:51  错误: cj.lns.chip.sos.disk.fs.FsConsole -  异常：cj.studio.ecm.EcmException: 不认识的命令：loca
		at cj.lns.chip.sos.disk.Console.monitor(Console.java:98)
		at cj.lns.chip.sos.disk.fs.FsConsole.monitor(FsConsole.java:37)
		at cj.lns.chip.sos.disk.cube.command.FsCommand.doCommand(FsCommand.java:119)
		at cj.lns.chip.sos.disk.Console.monitor(Console.java:109)
		at cj.lns.chip.sos.disk.cube.CubeConsole.monitor(CubeConsole.java:33)
		at cj.lns.chip.sos.disk.netdisk.command.OpenCubeCommand.doCommand(OpenCubeCommand.java:37)
		at cj.lns.chip.sos.disk.Console.monitor(Console.java:109)
		at cj.lns.chip.sos.disk.netdisk.DiskConsole.monitor(DiskConsole.java:27)
		at cj.lns.chip.sos.disk.usf.command.OpenDiskCommand.doCommand(OpenDiskCommand.java:57)
		at cj.lns.chip.sos.disk.Console.monitor(Console.java:109)
		at cj.lns.chip.sos.disk.usf.UsfConsole.monitor(UsfConsole.java:31)
		at cj.lns.chip.sos.disk.DiskMain.main(DiskMain.java:38)
		at sun.reflect.NativeMethodAccessorImpl.invoke0(NativeMethodAccessorImpl.java:-2)
		at sun.reflect.NativeMethodAccessorImpl.invoke(NativeMethodAccessorImpl.java:62)
		at sun.reflect.DelegatingMethodAccessorImpl.invoke(DelegatingMethodAccessorImpl.java:43)
		at java.lang.reflect.Method.invoke(Method.java:497)
		at cj.studio.ecm.adapter.AdapterInterrupter.invoke(AdapterInterrupter.java:111)
		at cj.lns.chip.sos.disk.DiskMain$$EnhancerByCGLIB$$6d47afee.exeCommand(<generated>:-1)
		at cj.lns.chip.sos.disk.start.Main.main(Main.java:90)
2016年01月19日 01:33:00  错误: cj.lns.chip.sos.disk.local.LocalConsole -  异常：cj.studio.ecm.EcmException: 不认识的命令：		Thread
		at cj.lns.chip.sos.disk.Console.monitor(Console.java:98)
		at cj.lns.chip.sos.disk.local.LocalConsole.monitor(LocalConsole.java:30)
		at cj.lns.chip.sos.disk.fs.command.LocalCommand.doCommand(LocalCommand.java:50)
		at cj.lns.chip.sos.disk.Console.monitor(Console.java:109)
		at cj.lns.chip.sos.disk.fs.FsConsole.monitor(FsConsole.java:37)
		at cj.lns.chip.sos.disk.cube.command.FsCommand.doCommand(FsCommand.java:119)
		at cj.lns.chip.sos.disk.Console.monitor(Console.java:109)
		at cj.lns.chip.sos.disk.cube.CubeConsole.monitor(CubeConsole.java:33)
		at cj.lns.chip.sos.disk.netdisk.command.OpenCubeCommand.doCommand(OpenCubeCommand.java:37)
		at cj.lns.chip.sos.disk.Console.monitor(Console.java:109)
		at cj.lns.chip.sos.disk.netdisk.DiskConsole.monitor(DiskConsole.java:27)
		at cj.lns.chip.sos.disk.usf.command.OpenDiskCommand.doCommand(OpenDiskCommand.java:57)
		at cj.lns.chip.sos.disk.Console.monitor(Console.java:109)
		at cj.lns.chip.sos.disk.usf.UsfConsole.monitor(UsfConsole.java:31)
		at cj.lns.chip.sos.disk.DiskMain.main(DiskMain.java:38)
		at sun.reflect.NativeMethodAccessorImpl.invoke0(NativeMethodAccessorImpl.java:-2)
		at sun.reflect.NativeMethodAccessorImpl.invoke(NativeMethodAccessorImpl.java:62)
		at sun.reflect.DelegatingMethodAccessorImpl.invoke(DelegatingMethodAccessorImpl.java:43)
		at java.lang.reflect.Method.invoke(Method.java:497)
		at cj.studio.ecm.adapter.AdapterInterrupter.invoke(AdapterInterrupter.java:111)
		at cj.lns.chip.sos.disk.DiskMain$$EnhancerByCGLIB$$6d47afee.exeCommand(<generated>:-1)
		at cj.lns.chip.sos.disk.start.Main.main(Main.java:90)
2016年01月19日 01:33:00  错误: cj.lns.chip.sos.disk.local.LocalConsole -  异常：cj.studio.ecm.EcmException: 不认识的命令：		t.start();
		at cj.lns.chip.sos.disk.Console.monitor(Console.java:98)
		at cj.lns.chip.sos.disk.local.LocalConsole.monitor(LocalConsole.java:30)
		at cj.lns.chip.sos.disk.fs.command.LocalCommand.doCommand(LocalCommand.java:50)
		at cj.lns.chip.sos.disk.Console.monitor(Console.java:109)
		at cj.lns.chip.sos.disk.fs.FsConsole.monitor(FsConsole.java:37)
		at cj.lns.chip.sos.disk.cube.command.FsCommand.doCommand(FsCommand.java:119)
		at cj.lns.chip.sos.disk.Console.monitor(Console.java:109)
		at cj.lns.chip.sos.disk.cube.CubeConsole.monitor(CubeConsole.java:33)
		at cj.lns.chip.sos.disk.netdisk.command.OpenCubeCommand.doCommand(OpenCubeCommand.java:37)
		at cj.lns.chip.sos.disk.Console.monitor(Console.java:109)
		at cj.lns.chip.sos.disk.netdisk.DiskConsole.monitor(DiskConsole.java:27)
		at cj.lns.chip.sos.disk.usf.command.OpenDiskCommand.doCommand(OpenDiskCommand.java:57)
		at cj.lns.chip.sos.disk.Console.monitor(Console.java:109)
		at cj.lns.chip.sos.disk.usf.UsfConsole.monitor(UsfConsole.java:31)
		at cj.lns.chip.sos.disk.DiskMain.main(DiskMain.java:38)
		at sun.reflect.NativeMethodAccessorImpl.invoke0(NativeMethodAccessorImpl.java:-2)
		at sun.reflect.NativeMethodAccessorImpl.invoke(NativeMethodAccessorImpl.java:62)
		at sun.reflect.DelegatingMethodAccessorImpl.invoke(DelegatingMethodAccessorImpl.java:43)
		at java.lang.reflect.Method.invoke(Method.java:497)
		at cj.studio.ecm.adapter.AdapterInterrupter.invoke(AdapterInterrupter.java:111)
		at cj.lns.chip.sos.disk.DiskMain$$EnhancerByCGLIB$$6d47afee.exeCommand(<generated>:-1)
		at cj.lns.chip.sos.disk.start.Main.main(Main.java:90)
2016年01月19日 01:33:00  错误: cj.lns.chip.sos.disk.local.LocalConsole -  异常：cj.studio.ecm.EcmException: 不认识的命令：		handle.handler=t;
		at cj.lns.chip.sos.disk.Console.monitor(Console.java:98)
		at cj.lns.chip.sos.disk.local.LocalConsole.monitor(LocalConsole.java:30)
		at cj.lns.chip.sos.disk.fs.command.LocalCommand.doCommand(LocalCommand.java:50)
		at cj.lns.chip.sos.disk.Console.monitor(Console.java:109)
		at cj.lns.chip.sos.disk.fs.FsConsole.monitor(FsConsole.java:37)
		at cj.lns.chip.sos.disk.cube.command.FsCommand.doCommand(FsCommand.java:119)
		at cj.lns.chip.sos.disk.Console.monitor(Console.java:109)
		at cj.lns.chip.sos.disk.cube.CubeConsole.monitor(CubeConsole.java:33)
		at cj.lns.chip.sos.disk.netdisk.command.OpenCubeCommand.doCommand(OpenCubeCommand.java:37)
		at cj.lns.chip.sos.disk.Console.monitor(Console.java:109)
		at cj.lns.chip.sos.disk.netdisk.DiskConsole.monitor(DiskConsole.java:27)
		at cj.lns.chip.sos.disk.usf.command.OpenDiskCommand.doCommand(OpenDiskCommand.java:57)
		at cj.lns.chip.sos.disk.Console.monitor(Console.java:109)
		at cj.lns.chip.sos.disk.usf.UsfConsole.monitor(UsfConsole.java:31)
		at cj.lns.chip.sos.disk.DiskMain.main(DiskMain.java:38)
		at sun.reflect.NativeMethodAccessorImpl.invoke0(NativeMethodAccessorImpl.java:-2)
		at sun.reflect.NativeMethodAccessorImpl.invoke(NativeMethodAccessorImpl.java:62)
		at sun.reflect.DelegatingMethodAccessorImpl.invoke(DelegatingMethodAccessorImpl.java:43)
		at java.lang.reflect.Method.invoke(Method.java:497)
		at cj.studio.ecm.adapter.AdapterInterrupter.invoke(AdapterInterrupter.java:111)
		at cj.lns.chip.sos.disk.DiskMain$$EnhancerByCGLIB$$6d47afee.exeCommand(<generated>:-1)
		at cj.lns.chip.sos.disk.start.Main.main(Main.java:90)
2016年01月19日 01:33:03  错误: cj.lns.chip.sos.disk.local.LocalConsole -  异常：cj.studio.ecm.EcmException: 不认识的命令：		return
		at cj.lns.chip.sos.disk.Console.monitor(Console.java:98)
		at cj.lns.chip.sos.disk.local.LocalConsole.monitor(LocalConsole.java:30)
		at cj.lns.chip.sos.disk.fs.command.LocalCommand.doCommand(LocalCommand.java:50)
		at cj.lns.chip.sos.disk.Console.monitor(Console.java:109)
		at cj.lns.chip.sos.disk.fs.FsConsole.monitor(FsConsole.java:37)
		at cj.lns.chip.sos.disk.cube.command.FsCommand.doCommand(FsCommand.java:119)
		at cj.lns.chip.sos.disk.Console.monitor(Console.java:109)
		at cj.lns.chip.sos.disk.cube.CubeConsole.monitor(CubeConsole.java:33)
		at cj.lns.chip.sos.disk.netdisk.command.OpenCubeCommand.doCommand(OpenCubeCommand.java:37)
		at cj.lns.chip.sos.disk.Console.monitor(Console.java:109)
		at cj.lns.chip.sos.disk.netdisk.DiskConsole.monitor(DiskConsole.java:27)
		at cj.lns.chip.sos.disk.usf.command.OpenDiskCommand.doCommand(OpenDiskCommand.java:57)
		at cj.lns.chip.sos.disk.Console.monitor(Console.java:109)
		at cj.lns.chip.sos.disk.usf.UsfConsole.monitor(UsfConsole.java:31)
		at cj.lns.chip.sos.disk.DiskMain.main(DiskMain.java:38)
		at sun.reflect.NativeMethodAccessorImpl.invoke0(NativeMethodAccessorImpl.java:-2)
		at sun.reflect.NativeMethodAccessorImpl.invoke(NativeMethodAccessorImpl.java:62)
		at sun.reflect.DelegatingMethodAccessorImpl.invoke(DelegatingMethodAccessorImpl.java:43)
		at java.lang.reflect.Method.invoke(Method.java:497)
		at cj.studio.ecm.adapter.AdapterInterrupter.invoke(AdapterInterrupter.java:111)
		at cj.lns.chip.sos.disk.DiskMain$$EnhancerByCGLIB$$6d47afee.exeCommand(<generated>:-1)
		at cj.lns.chip.sos.disk.start.Main.main(Main.java:90)
2016年01月19日 01:33:22  错误: cj.lns.chip.sos.disk.fs.FsConsole -  异常：java.io.IOException: Stream Closed
		at java.io.FileInputStream.readBytes(FileInputStream.java:-2)
		at java.io.FileInputStream.read(FileInputStream.java:255)
		at java.io.BufferedInputStream.read1(BufferedInputStream.java:284)
		at java.io.BufferedInputStream.read(BufferedInputStream.java:345)
		at sun.nio.cs.StreamDecoder.readBytes(StreamDecoder.java:284)
		at sun.nio.cs.StreamDecoder.implRead(StreamDecoder.java:326)
		at sun.nio.cs.StreamDecoder.read(StreamDecoder.java:178)
		at java.io.InputStreamReader.read(InputStreamReader.java:184)
		at java.io.BufferedReader.fill(BufferedReader.java:161)
		at java.io.BufferedReader.readLine(BufferedReader.java:324)
		at java.io.BufferedReader.readLine(BufferedReader.java:389)
		at cj.lns.chip.sos.disk.Console.monitor(Console.java:66)
		at cj.lns.chip.sos.disk.local.LocalConsole.monitor(LocalConsole.java:30)
		at cj.lns.chip.sos.disk.fs.command.LocalCommand.doCommand(LocalCommand.java:50)
		at cj.lns.chip.sos.disk.Console.monitor(Console.java:109)
		at cj.lns.chip.sos.disk.fs.FsConsole.monitor(FsConsole.java:37)
		at cj.lns.chip.sos.disk.cube.command.FsCommand.doCommand(FsCommand.java:119)
		at cj.lns.chip.sos.disk.Console.monitor(Console.java:109)
		at cj.lns.chip.sos.disk.cube.CubeConsole.monitor(CubeConsole.java:33)
		at cj.lns.chip.sos.disk.netdisk.command.OpenCubeCommand.doCommand(OpenCubeCommand.java:37)
		at cj.lns.chip.sos.disk.Console.monitor(Console.java:109)
		at cj.lns.chip.sos.disk.netdisk.DiskConsole.monitor(DiskConsole.java:27)
		at cj.lns.chip.sos.disk.usf.command.OpenDiskCommand.doCommand(OpenDiskCommand.java:57)
		at cj.lns.chip.sos.disk.Console.monitor(Console.java:109)
		at cj.lns.chip.sos.disk.usf.UsfConsole.monitor(UsfConsole.java:31)
		at cj.lns.chip.sos.disk.DiskMain.main(DiskMain.java:38)
		at sun.reflect.NativeMethodAccessorImpl.invoke0(NativeMethodAccessorImpl.java:-2)
		at sun.reflect.NativeMethodAccessorImpl.invoke(NativeMethodAccessorImpl.java:62)
		at sun.reflect.DelegatingMethodAccessorImpl.invoke(DelegatingMethodAccessorImpl.java:43)
		at java.lang.reflect.Method.invoke(Method.java:497)
		at cj.studio.ecm.adapter.AdapterInterrupter.invoke(AdapterInterrupter.java:111)
		at cj.lns.chip.sos.disk.DiskMain$$EnhancerByCGLIB$$6d47afee.exeCommand(<generated>:-1)
		at cj.lns.chip.sos.disk.start.Main.main(Main.java:90)
2016年01月19日 01:33:22  错误: cj.lns.chip.sos.disk.cube.CubeConsole -  异常：java.io.IOException: Stream Closed
		at java.io.FileInputStream.readBytes(FileInputStream.java:-2)
		at java.io.FileInputStream.read(FileInputStream.java:255)
		at java.io.BufferedInputStream.read1(BufferedInputStream.java:284)
		at java.io.BufferedInputStream.read(BufferedInputStream.java:345)
		at sun.nio.cs.StreamDecoder.readBytes(StreamDecoder.java:284)
		at sun.nio.cs.StreamDecoder.implRead(StreamDecoder.java:326)
		at sun.nio.cs.StreamDecoder.read(StreamDecoder.java:178)
		at java.io.InputStreamReader.read(InputStreamReader.java:184)
		at java.io.BufferedReader.fill(BufferedReader.java:161)
		at java.io.BufferedReader.readLine(BufferedReader.java:324)
		at java.io.BufferedReader.readLine(BufferedReader.java:389)
		at cj.lns.chip.sos.disk.Console.monitor(Console.java:66)
		at cj.lns.chip.sos.disk.fs.FsConsole.monitor(FsConsole.java:37)
		at cj.lns.chip.sos.disk.cube.command.FsCommand.doCommand(FsCommand.java:119)
		at cj.lns.chip.sos.disk.Console.monitor(Console.java:109)
		at cj.lns.chip.sos.disk.cube.CubeConsole.monitor(CubeConsole.java:33)
		at cj.lns.chip.sos.disk.netdisk.command.OpenCubeCommand.doCommand(OpenCubeCommand.java:37)
		at cj.lns.chip.sos.disk.Console.monitor(Console.java:109)
		at cj.lns.chip.sos.disk.netdisk.DiskConsole.monitor(DiskConsole.java:27)
		at cj.lns.chip.sos.disk.usf.command.OpenDiskCommand.doCommand(OpenDiskCommand.java:57)
		at cj.lns.chip.sos.disk.Console.monitor(Console.java:109)
		at cj.lns.chip.sos.disk.usf.UsfConsole.monitor(UsfConsole.java:31)
		at cj.lns.chip.sos.disk.DiskMain.main(DiskMain.java:38)
		at sun.reflect.NativeMethodAccessorImpl.invoke0(NativeMethodAccessorImpl.java:-2)
		at sun.reflect.NativeMethodAccessorImpl.invoke(NativeMethodAccessorImpl.java:62)
		at sun.reflect.DelegatingMethodAccessorImpl.invoke(DelegatingMethodAccessorImpl.java:43)
		at java.lang.reflect.Method.invoke(Method.java:497)
		at cj.studio.ecm.adapter.AdapterInterrupter.invoke(AdapterInterrupter.java:111)
		at cj.lns.chip.sos.disk.DiskMain$$EnhancerByCGLIB$$6d47afee.exeCommand(<generated>:-1)
		at cj.lns.chip.sos.disk.start.Main.main(Main.java:90)
2016年01月19日 01:33:22  错误: cj.lns.chip.sos.disk.netdisk.DiskConsole -  异常：java.io.IOException: Stream Closed
		at java.io.FileInputStream.readBytes(FileInputStream.java:-2)
		at java.io.FileInputStream.read(FileInputStream.java:255)
		at java.io.BufferedInputStream.read1(BufferedInputStream.java:284)
		at java.io.BufferedInputStream.read(BufferedInputStream.java:345)
		at sun.nio.cs.StreamDecoder.readBytes(StreamDecoder.java:284)
		at sun.nio.cs.StreamDecoder.implRead(StreamDecoder.java:326)
		at sun.nio.cs.StreamDecoder.read(StreamDecoder.java:178)
		at java.io.InputStreamReader.read(InputStreamReader.java:184)
		at java.io.BufferedReader.fill(BufferedReader.java:161)
		at java.io.BufferedReader.readLine(BufferedReader.java:324)
		at java.io.BufferedReader.readLine(BufferedReader.java:389)
		at cj.lns.chip.sos.disk.Console.monitor(Console.java:66)
		at cj.lns.chip.sos.disk.cube.CubeConsole.monitor(CubeConsole.java:33)
		at cj.lns.chip.sos.disk.netdisk.command.OpenCubeCommand.doCommand(OpenCubeCommand.java:37)
		at cj.lns.chip.sos.disk.Console.monitor(Console.java:109)
		at cj.lns.chip.sos.disk.netdisk.DiskConsole.monitor(DiskConsole.java:27)
		at cj.lns.chip.sos.disk.usf.command.OpenDiskCommand.doCommand(OpenDiskCommand.java:57)
		at cj.lns.chip.sos.disk.Console.monitor(Console.java:109)
		at cj.lns.chip.sos.disk.usf.UsfConsole.monitor(UsfConsole.java:31)
		at cj.lns.chip.sos.disk.DiskMain.main(DiskMain.java:38)
		at sun.reflect.NativeMethodAccessorImpl.invoke0(NativeMethodAccessorImpl.java:-2)
		at sun.reflect.NativeMethodAccessorImpl.invoke(NativeMethodAccessorImpl.java:62)
		at sun.reflect.DelegatingMethodAccessorImpl.invoke(DelegatingMethodAccessorImpl.java:43)
		at java.lang.reflect.Method.invoke(Method.java:497)
		at cj.studio.ecm.adapter.AdapterInterrupter.invoke(AdapterInterrupter.java:111)
		at cj.lns.chip.sos.disk.DiskMain$$EnhancerByCGLIB$$6d47afee.exeCommand(<generated>:-1)
		at cj.lns.chip.sos.disk.start.Main.main(Main.java:90)
2016年01月19日 01:33:22  错误: cj.lns.chip.sos.disk.usf.UsfConsole -  异常：java.io.IOException: Stream Closed
		at java.io.FileInputStream.readBytes(FileInputStream.java:-2)
		at java.io.FileInputStream.read(FileInputStream.java:255)
		at java.io.BufferedInputStream.read1(BufferedInputStream.java:284)
		at java.io.BufferedInputStream.read(BufferedInputStream.java:345)
		at sun.nio.cs.StreamDecoder.readBytes(StreamDecoder.java:284)
		at sun.nio.cs.StreamDecoder.implRead(StreamDecoder.java:326)
		at sun.nio.cs.StreamDecoder.read(StreamDecoder.java:178)
		at java.io.InputStreamReader.read(InputStreamReader.java:184)
		at java.io.BufferedReader.fill(BufferedReader.java:161)
		at java.io.BufferedReader.readLine(BufferedReader.java:324)
		at java.io.BufferedReader.readLine(BufferedReader.java:389)
		at cj.lns.chip.sos.disk.Console.monitor(Console.java:66)
		at cj.lns.chip.sos.disk.netdisk.DiskConsole.monitor(DiskConsole.java:27)
		at cj.lns.chip.sos.disk.usf.command.OpenDiskCommand.doCommand(OpenDiskCommand.java:57)
		at cj.lns.chip.sos.disk.Console.monitor(Console.java:109)
		at cj.lns.chip.sos.disk.usf.UsfConsole.monitor(UsfConsole.java:31)
		at cj.lns.chip.sos.disk.DiskMain.main(DiskMain.java:38)
		at sun.reflect.NativeMethodAccessorImpl.invoke0(NativeMethodAccessorImpl.java:-2)
		at sun.reflect.NativeMethodAccessorImpl.invoke(NativeMethodAccessorImpl.java:62)
		at sun.reflect.DelegatingMethodAccessorImpl.invoke(DelegatingMethodAccessorImpl.java:43)
		at java.lang.reflect.Method.invoke(Method.java:497)
		at cj.studio.ecm.adapter.AdapterInterrupter.invoke(AdapterInterrupter.java:111)
		at cj.lns.chip.sos.disk.DiskMain$$EnhancerByCGLIB$$6d47afee.exeCommand(<generated>:-1)
		at cj.lns.chip.sos.disk.start.Main.main(Main.java:90)
2016年01月19日 01:35:23  错误: cj.lns.chip.sos.disk.usf.UsfConsole -  异常：cj.studio.ecm.EcmException: 认证失败。
		at cj.lns.chip.sos.disk.NetDisk.open(NetDisk.java:39)
		at cj.lns.chip.sos.disk.usf.command.OpenDiskCommand.doCommand(OpenDiskCommand.java:49)
		at cj.lns.chip.sos.disk.Console.monitor(Console.java:109)
		at cj.lns.chip.sos.disk.usf.UsfConsole.monitor(UsfConsole.java:31)
		at cj.lns.chip.sos.disk.DiskMain.main(DiskMain.java:38)
		at sun.reflect.NativeMethodAccessorImpl.invoke0(NativeMethodAccessorImpl.java:-2)
		at sun.reflect.NativeMethodAccessorImpl.invoke(NativeMethodAccessorImpl.java:62)
		at sun.reflect.DelegatingMethodAccessorImpl.invoke(DelegatingMethodAccessorImpl.java:43)
		at java.lang.reflect.Method.invoke(Method.java:497)
		at cj.studio.ecm.adapter.AdapterInterrupter.invoke(AdapterInterrupter.java:111)
		at cj.lns.chip.sos.disk.DiskMain$$EnhancerByCGLIB$$6d47afee.exeCommand(<generated>:-1)
		at cj.lns.chip.sos.disk.start.Main.main(Main.java:90)
2016年01月19日 01:36:03  错误: cj.lns.chip.sos.disk.fs.FsConsole -  异常：java.io.IOException: Stream Closed
		at java.io.FileInputStream.readBytes(FileInputStream.java:-2)
		at java.io.FileInputStream.read(FileInputStream.java:255)
		at java.io.BufferedInputStream.read1(BufferedInputStream.java:284)
		at java.io.BufferedInputStream.read(BufferedInputStream.java:345)
		at sun.nio.cs.StreamDecoder.readBytes(StreamDecoder.java:284)
		at sun.nio.cs.StreamDecoder.implRead(StreamDecoder.java:326)
		at sun.nio.cs.StreamDecoder.read(StreamDecoder.java:178)
		at java.io.InputStreamReader.read(InputStreamReader.java:184)
		at java.io.BufferedReader.fill(BufferedReader.java:161)
		at java.io.BufferedReader.readLine(BufferedReader.java:324)
		at java.io.BufferedReader.readLine(BufferedReader.java:389)
		at cj.lns.chip.sos.disk.Console.monitor(Console.java:66)
		at cj.lns.chip.sos.disk.local.LocalConsole.monitor(LocalConsole.java:30)
		at cj.lns.chip.sos.disk.fs.command.LocalCommand.doCommand(LocalCommand.java:50)
		at cj.lns.chip.sos.disk.Console.monitor(Console.java:109)
		at cj.lns.chip.sos.disk.fs.FsConsole.monitor(FsConsole.java:37)
		at cj.lns.chip.sos.disk.cube.command.FsCommand.doCommand(FsCommand.java:119)
		at cj.lns.chip.sos.disk.Console.monitor(Console.java:109)
		at cj.lns.chip.sos.disk.cube.CubeConsole.monitor(CubeConsole.java:33)
		at cj.lns.chip.sos.disk.netdisk.command.OpenCubeCommand.doCommand(OpenCubeCommand.java:37)
		at cj.lns.chip.sos.disk.Console.monitor(Console.java:109)
		at cj.lns.chip.sos.disk.netdisk.DiskConsole.monitor(DiskConsole.java:27)
		at cj.lns.chip.sos.disk.usf.command.OpenDiskCommand.doCommand(OpenDiskCommand.java:57)
		at cj.lns.chip.sos.disk.Console.monitor(Console.java:109)
		at cj.lns.chip.sos.disk.usf.UsfConsole.monitor(UsfConsole.java:31)
		at cj.lns.chip.sos.disk.DiskMain.main(DiskMain.java:38)
		at sun.reflect.NativeMethodAccessorImpl.invoke0(NativeMethodAccessorImpl.java:-2)
		at sun.reflect.NativeMethodAccessorImpl.invoke(NativeMethodAccessorImpl.java:62)
		at sun.reflect.DelegatingMethodAccessorImpl.invoke(DelegatingMethodAccessorImpl.java:43)
		at java.lang.reflect.Method.invoke(Method.java:497)
		at cj.studio.ecm.adapter.AdapterInterrupter.invoke(AdapterInterrupter.java:111)
		at cj.lns.chip.sos.disk.DiskMain$$EnhancerByCGLIB$$6d47afee.exeCommand(<generated>:-1)
		at cj.lns.chip.sos.disk.start.Main.main(Main.java:90)
2016年01月19日 01:36:03  错误: cj.lns.chip.sos.disk.cube.CubeConsole -  异常：java.io.IOException: Stream Closed
		at java.io.FileInputStream.readBytes(FileInputStream.java:-2)
		at java.io.FileInputStream.read(FileInputStream.java:255)
		at java.io.BufferedInputStream.read1(BufferedInputStream.java:284)
		at java.io.BufferedInputStream.read(BufferedInputStream.java:345)
		at sun.nio.cs.StreamDecoder.readBytes(StreamDecoder.java:284)
		at sun.nio.cs.StreamDecoder.implRead(StreamDecoder.java:326)
		at sun.nio.cs.StreamDecoder.read(StreamDecoder.java:178)
		at java.io.InputStreamReader.read(InputStreamReader.java:184)
		at java.io.BufferedReader.fill(BufferedReader.java:161)
		at java.io.BufferedReader.readLine(BufferedReader.java:324)
		at java.io.BufferedReader.readLine(BufferedReader.java:389)
		at cj.lns.chip.sos.disk.Console.monitor(Console.java:66)
		at cj.lns.chip.sos.disk.fs.FsConsole.monitor(FsConsole.java:37)
		at cj.lns.chip.sos.disk.cube.command.FsCommand.doCommand(FsCommand.java:119)
		at cj.lns.chip.sos.disk.Console.monitor(Console.java:109)
		at cj.lns.chip.sos.disk.cube.CubeConsole.monitor(CubeConsole.java:33)
		at cj.lns.chip.sos.disk.netdisk.command.OpenCubeCommand.doCommand(OpenCubeCommand.java:37)
		at cj.lns.chip.sos.disk.Console.monitor(Console.java:109)
		at cj.lns.chip.sos.disk.netdisk.DiskConsole.monitor(DiskConsole.java:27)
		at cj.lns.chip.sos.disk.usf.command.OpenDiskCommand.doCommand(OpenDiskCommand.java:57)
		at cj.lns.chip.sos.disk.Console.monitor(Console.java:109)
		at cj.lns.chip.sos.disk.usf.UsfConsole.monitor(UsfConsole.java:31)
		at cj.lns.chip.sos.disk.DiskMain.main(DiskMain.java:38)
		at sun.reflect.NativeMethodAccessorImpl.invoke0(NativeMethodAccessorImpl.java:-2)
		at sun.reflect.NativeMethodAccessorImpl.invoke(NativeMethodAccessorImpl.java:62)
		at sun.reflect.DelegatingMethodAccessorImpl.invoke(DelegatingMethodAccessorImpl.java:43)
		at java.lang.reflect.Method.invoke(Method.java:497)
		at cj.studio.ecm.adapter.AdapterInterrupter.invoke(AdapterInterrupter.java:111)
		at cj.lns.chip.sos.disk.DiskMain$$EnhancerByCGLIB$$6d47afee.exeCommand(<generated>:-1)
		at cj.lns.chip.sos.disk.start.Main.main(Main.java:90)
2016年01月19日 01:36:03  错误: cj.lns.chip.sos.disk.netdisk.DiskConsole -  异常：java.io.IOException: Stream Closed
		at java.io.FileInputStream.readBytes(FileInputStream.java:-2)
		at java.io.FileInputStream.read(FileInputStream.java:255)
		at java.io.BufferedInputStream.read1(BufferedInputStream.java:284)
		at java.io.BufferedInputStream.read(BufferedInputStream.java:345)
		at sun.nio.cs.StreamDecoder.readBytes(StreamDecoder.java:284)
		at sun.nio.cs.StreamDecoder.implRead(StreamDecoder.java:326)
		at sun.nio.cs.StreamDecoder.read(StreamDecoder.java:178)
		at java.io.InputStreamReader.read(InputStreamReader.java:184)
		at java.io.BufferedReader.fill(BufferedReader.java:161)
		at java.io.BufferedReader.readLine(BufferedReader.java:324)
		at java.io.BufferedReader.readLine(BufferedReader.java:389)
		at cj.lns.chip.sos.disk.Console.monitor(Console.java:66)
		at cj.lns.chip.sos.disk.cube.CubeConsole.monitor(CubeConsole.java:33)
		at cj.lns.chip.sos.disk.netdisk.command.OpenCubeCommand.doCommand(OpenCubeCommand.java:37)
		at cj.lns.chip.sos.disk.Console.monitor(Console.java:109)
		at cj.lns.chip.sos.disk.netdisk.DiskConsole.monitor(DiskConsole.java:27)
		at cj.lns.chip.sos.disk.usf.command.OpenDiskCommand.doCommand(OpenDiskCommand.java:57)
		at cj.lns.chip.sos.disk.Console.monitor(Console.java:109)
		at cj.lns.chip.sos.disk.usf.UsfConsole.monitor(UsfConsole.java:31)
		at cj.lns.chip.sos.disk.DiskMain.main(DiskMain.java:38)
		at sun.reflect.NativeMethodAccessorImpl.invoke0(NativeMethodAccessorImpl.java:-2)
		at sun.reflect.NativeMethodAccessorImpl.invoke(NativeMethodAccessorImpl.java:62)
		at sun.reflect.DelegatingMethodAccessorImpl.invoke(DelegatingMethodAccessorImpl.java:43)
		at java.lang.reflect.Method.invoke(Method.java:497)
		at cj.studio.ecm.adapter.AdapterInterrupter.invoke(AdapterInterrupter.java:111)
		at cj.lns.chip.sos.disk.DiskMain$$EnhancerByCGLIB$$6d47afee.exeCommand(<generated>:-1)
		at cj.lns.chip.sos.disk.start.Main.main(Main.java:90)
2016年01月19日 01:36:03  错误: cj.lns.chip.sos.disk.usf.UsfConsole -  异常：java.io.IOException: Stream Closed
		at java.io.FileInputStream.readBytes(FileInputStream.java:-2)
		at java.io.FileInputStream.read(FileInputStream.java:255)
		at java.io.BufferedInputStream.read1(BufferedInputStream.java:284)
		at java.io.BufferedInputStream.read(BufferedInputStream.java:345)
		at sun.nio.cs.StreamDecoder.readBytes(StreamDecoder.java:284)
		at sun.nio.cs.StreamDecoder.implRead(StreamDecoder.java:326)
		at sun.nio.cs.StreamDecoder.read(StreamDecoder.java:178)
		at java.io.InputStreamReader.read(InputStreamReader.java:184)
		at java.io.BufferedReader.fill(BufferedReader.java:161)
		at java.io.BufferedReader.readLine(BufferedReader.java:324)
		at java.io.BufferedReader.readLine(BufferedReader.java:389)
		at cj.lns.chip.sos.disk.Console.monitor(Console.java:66)
		at cj.lns.chip.sos.disk.netdisk.DiskConsole.monitor(DiskConsole.java:27)
		at cj.lns.chip.sos.disk.usf.command.OpenDiskCommand.doCommand(OpenDiskCommand.java:57)
		at cj.lns.chip.sos.disk.Console.monitor(Console.java:109)
		at cj.lns.chip.sos.disk.usf.UsfConsole.monitor(UsfConsole.java:31)
		at cj.lns.chip.sos.disk.DiskMain.main(DiskMain.java:38)
		at sun.reflect.NativeMethodAccessorImpl.invoke0(NativeMethodAccessorImpl.java:-2)
		at sun.reflect.NativeMethodAccessorImpl.invoke(NativeMethodAccessorImpl.java:62)
		at sun.reflect.DelegatingMethodAccessorImpl.invoke(DelegatingMethodAccessorImpl.java:43)
		at java.lang.reflect.Method.invoke(Method.java:497)
		at cj.studio.ecm.adapter.AdapterInterrupter.invoke(AdapterInterrupter.java:111)
		at cj.lns.chip.sos.disk.DiskMain$$EnhancerByCGLIB$$6d47afee.exeCommand(<generated>:-1)
		at cj.lns.chip.sos.disk.start.Main.main(Main.java:90)
2016年01月19日 02:24:59  错误: cj.lns.chip.sos.disk.local.LocalConsole -  异常：cj.studio.ecm.EcmException: 不认识的命令：d93eae667fac96c276182721784dd840.jpg
		at cj.lns.chip.sos.disk.Console.monitor(Console.java:98)
		at cj.lns.chip.sos.disk.local.LocalConsole.monitor(LocalConsole.java:30)
		at cj.lns.chip.sos.disk.fs.command.LocalCommand.doCommand(LocalCommand.java:50)
		at cj.lns.chip.sos.disk.Console.monitor(Console.java:109)
		at cj.lns.chip.sos.disk.fs.FsConsole.monitor(FsConsole.java:37)
		at cj.lns.chip.sos.disk.cube.command.FsCommand.doCommand(FsCommand.java:119)
		at cj.lns.chip.sos.disk.Console.monitor(Console.java:109)
		at cj.lns.chip.sos.disk.cube.CubeConsole.monitor(CubeConsole.java:33)
		at cj.lns.chip.sos.disk.netdisk.command.OpenCubeCommand.doCommand(OpenCubeCommand.java:37)
		at cj.lns.chip.sos.disk.Console.monitor(Console.java:109)
		at cj.lns.chip.sos.disk.netdisk.DiskConsole.monitor(DiskConsole.java:27)
		at cj.lns.chip.sos.disk.usf.command.OpenDiskCommand.doCommand(OpenDiskCommand.java:57)
		at cj.lns.chip.sos.disk.Console.monitor(Console.java:109)
		at cj.lns.chip.sos.disk.usf.UsfConsole.monitor(UsfConsole.java:31)
		at cj.lns.chip.sos.disk.DiskMain.main(DiskMain.java:38)
		at sun.reflect.NativeMethodAccessorImpl.invoke0(NativeMethodAccessorImpl.java:-2)
		at sun.reflect.NativeMethodAccessorImpl.invoke(NativeMethodAccessorImpl.java:62)
		at sun.reflect.DelegatingMethodAccessorImpl.invoke(DelegatingMethodAccessorImpl.java:43)
		at java.lang.reflect.Method.invoke(Method.java:497)
		at cj.studio.ecm.adapter.AdapterInterrupter.invoke(AdapterInterrupter.java:111)
		at cj.lns.chip.sos.disk.DiskMain$$EnhancerByCGLIB$$945ada55.exeCommand(<generated>:-1)
		at cj.lns.chip.sos.disk.start.Main.main(Main.java:90)
2016年01月19日 18:17:56  错误: cj.lns.chip.sos.disk.cube.CubeConsole -  异常：org.apache.commons.cli.UnrecognizedOptionException: Unrecognized option: -cn
		at org.apache.commons.cli.Parser.processOption(Parser.java:363)
		at org.apache.commons.cli.Parser.parse(Parser.java:199)
		at org.apache.commons.cli.Parser.parse(Parser.java:85)
		at cj.lns.chip.sos.disk.Console.monitor(Console.java:103)
		at cj.lns.chip.sos.disk.cube.CubeConsole.monitor(CubeConsole.java:33)
		at cj.lns.chip.sos.disk.netdisk.command.OpenCubeCommand.doCommand(OpenCubeCommand.java:50)
		at cj.lns.chip.sos.disk.Console.monitor(Console.java:109)
		at cj.lns.chip.sos.disk.netdisk.DiskConsole.monitor(DiskConsole.java:27)
		at cj.lns.chip.sos.disk.usf.command.OpenDiskCommand.doCommand(OpenDiskCommand.java:57)
		at cj.lns.chip.sos.disk.Console.monitor(Console.java:109)
		at cj.lns.chip.sos.disk.usf.UsfConsole.monitor(UsfConsole.java:31)
		at cj.lns.chip.sos.disk.DiskMain.main(DiskMain.java:38)
		at sun.reflect.NativeMethodAccessorImpl.invoke0(NativeMethodAccessorImpl.java:-2)
		at sun.reflect.NativeMethodAccessorImpl.invoke(NativeMethodAccessorImpl.java:62)
		at sun.reflect.DelegatingMethodAccessorImpl.invoke(DelegatingMethodAccessorImpl.java:43)
		at java.lang.reflect.Method.invoke(Method.java:497)
		at cj.studio.ecm.adapter.AdapterInterrupter.invoke(AdapterInterrupter.java:111)
		at cj.lns.chip.sos.disk.DiskMain$$EnhancerByCGLIB$$945ada55.exeCommand(<generated>:-1)
		at cj.lns.chip.sos.disk.start.Main.main(Main.java:90)
2016年01月31日 17:28:56  错误: cj.lns.chip.sos.disk.fs.FsConsole -  异常：cj.studio.ecm.EcmException: 不认识的命令：rmm
		at cj.lns.chip.sos.disk.Console.monitor(Console.java:98)
		at cj.lns.chip.sos.disk.fs.FsConsole.monitor(FsConsole.java:37)
		at cj.lns.chip.sos.disk.cube.command.FsCommand.doCommand(FsCommand.java:119)
		at cj.lns.chip.sos.disk.Console.monitor(Console.java:109)
		at cj.lns.chip.sos.disk.cube.CubeConsole.monitor(CubeConsole.java:33)
		at cj.lns.chip.sos.disk.netdisk.command.OpenCubeCommand.doCommand(OpenCubeCommand.java:50)
		at cj.lns.chip.sos.disk.Console.monitor(Console.java:109)
		at cj.lns.chip.sos.disk.netdisk.DiskConsole.monitor(DiskConsole.java:27)
		at cj.lns.chip.sos.disk.usf.command.OpenDiskCommand.doCommand(OpenDiskCommand.java:57)
		at cj.lns.chip.sos.disk.Console.monitor(Console.java:109)
		at cj.lns.chip.sos.disk.usf.UsfConsole.monitor(UsfConsole.java:31)
		at cj.lns.chip.sos.disk.DiskMain.main(DiskMain.java:38)
		at sun.reflect.NativeMethodAccessorImpl.invoke0(NativeMethodAccessorImpl.java:-2)
		at sun.reflect.NativeMethodAccessorImpl.invoke(NativeMethodAccessorImpl.java:62)
		at sun.reflect.DelegatingMethodAccessorImpl.invoke(DelegatingMethodAccessorImpl.java:43)
		at java.lang.reflect.Method.invoke(Method.java:497)
		at cj.studio.ecm.adapter.AdapterInterrupter.invoke(AdapterInterrupter.java:111)
		at cj.lns.chip.sos.disk.DiskMain$$EnhancerByCGLIB$$945ada55.exeCommand(<generated>:-1)
		at cj.lns.chip.sos.disk.start.Main.main(Main.java:90)
2016年04月01日 14:50:08  错误: cj.lns.chip.sos.disk.cube.CubeConsole - String index out of range: 75
2016年04月01日 15:03:22  错误: cj.lns.chip.sos.disk.cube.CubeConsole - JSON reader was expecting a value but found 'match'.
2016年04月01日 15:03:32  错误: cj.lns.chip.sos.disk.cube.CubeConsole - JSON reader was expecting a value but found '$match'.
